-------------------------------------------------------------------------------
Test set: com.sh.mvc.photo.model.service.PhotoServiceTest
-------------------------------------------------------------------------------
Tests run: 3, Failures: 0, Errors: 2, Skipped: 0, Time elapsed: 0.035 s <<< FAILURE! - in com.sh.mvc.photo.model.service.PhotoServiceTest
com.sh.mvc.photo.model.service.PhotoServiceTest.test1  Time elapsed: 0.009 s  <<< ERROR!
org.apache.ibatis.exceptions.PersistenceException: 

### Error querying database.  Cause: java.sql.SQLException: ORA-12263: Failed to access tnsnames.ora in the directory configured as TNS admin: /Wallet_YH5J45K2SD3FKWR9. The file does not exist, or is not accessible.
### The error may exist in mapper/photo/photo-mapper.xml
### The error may involve photo.getTotalCount
### The error occurred while executing a query
### Cause: java.sql.SQLException: ORA-12263: Failed to access tnsnames.ora in the directory configured as TNS admin: /Wallet_YH5J45K2SD3FKWR9. The file does not exist, or is not accessible.
	at org.apache.ibatis.exceptions.ExceptionFactory.wrapException(ExceptionFactory.java:30)
	at org.apache.ibatis.session.defaults.DefaultSqlSession.selectList(DefaultSqlSession.java:149)
	at org.apache.ibatis.session.defaults.DefaultSqlSession.selectList(DefaultSqlSession.java:140)
	at org.apache.ibatis.session.defaults.DefaultSqlSession.selectOne(DefaultSqlSession.java:76)
	at org.apache.ibatis.session.defaults.DefaultSqlSession.selectOne(DefaultSqlSession.java:70)
	at com.sh.mvc.photo.model.dao.PhotoDao.getTotalCount(PhotoDao.java:12)
	at com.sh.mvc.photo.model.service.PhotoService.getTotalCount(PhotoService.java:17)
	at com.sh.mvc.photo.model.service.PhotoServiceTest.test1(PhotoServiceTest.java:37)
	at java.base/java.lang.reflect.Method.invoke(Method.java:568)
	at java.base/java.util.ArrayList.forEach(ArrayList.java:1511)
	at java.base/java.util.ArrayList.forEach(ArrayList.java:1511)
Caused by: java.sql.SQLException: ORA-12263: Failed to access tnsnames.ora in the directory configured as TNS admin: /Wallet_YH5J45K2SD3FKWR9. The file does not exist, or is not accessible.
	at oracle.jdbc.driver.T4CConnection.handleLogonNetException(T4CConnection.java:1083)
	at oracle.jdbc.driver.T4CConnection.logon(T4CConnection.java:863)
	at oracle.jdbc.driver.PhysicalConnection.connect(PhysicalConnection.java:1101)
	at oracle.jdbc.driver.T4CDriverExtension.getConnection(T4CDriverExtension.java:104)
	at oracle.jdbc.driver.OracleDriver.connect(OracleDriver.java:837)
	at oracle.jdbc.driver.OracleDriver.connect(OracleDriver.java:664)
	at java.sql/java.sql.DriverManager.getConnection(DriverManager.java:681)
	at java.sql/java.sql.DriverManager.getConnection(DriverManager.java:190)
	at org.apache.ibatis.datasource.unpooled.UnpooledDataSource.doGetConnection(UnpooledDataSource.java:224)
	at org.apache.ibatis.datasource.unpooled.UnpooledDataSource.doGetConnection(UnpooledDataSource.java:219)
	at org.apache.ibatis.datasource.unpooled.UnpooledDataSource.getConnection(UnpooledDataSource.java:95)
	at org.apache.ibatis.datasource.pooled.PooledDataSource.popConnection(PooledDataSource.java:432)
	at org.apache.ibatis.datasource.pooled.PooledDataSource.getConnection(PooledDataSource.java:89)
	at org.apache.ibatis.transaction.jdbc.JdbcTransaction.openConnection(JdbcTransaction.java:139)
	at org.apache.ibatis.transaction.jdbc.JdbcTransaction.getConnection(JdbcTransaction.java:61)
	at org.apache.ibatis.executor.BaseExecutor.getConnection(BaseExecutor.java:337)
	at org.apache.ibatis.executor.SimpleExecutor.prepareStatement(SimpleExecutor.java:86)
	at org.apache.ibatis.executor.SimpleExecutor.doQuery(SimpleExecutor.java:62)
	at org.apache.ibatis.executor.BaseExecutor.queryFromDatabase(BaseExecutor.java:325)
	at org.apache.ibatis.executor.BaseExecutor.query(BaseExecutor.java:156)
	at org.apache.ibatis.executor.CachingExecutor.query(CachingExecutor.java:109)
	at org.apache.ibatis.executor.CachingExecutor.query(CachingExecutor.java:89)
	at org.apache.ibatis.session.defaults.DefaultSqlSession.selectList(DefaultSqlSession.java:147)
	... 9 more
Caused by: oracle.net.ns.NetException: ORA-12263: Failed to access tnsnames.ora in the directory configured as TNS admin: /Wallet_YH5J45K2SD3FKWR9. The file does not exist, or is not accessible.
	at oracle.net.resolver.TNSNamesNamingAdapter.resolve(TNSNamesNamingAdapter.java:142)
	at oracle.net.resolver.NameResolver.resolveName(NameResolver.java:177)
	at oracle.net.resolver.AddrResolution.resolveTNSAddress(AddrResolution.java:884)
	at oracle.net.resolver.AddrResolution.initConnStrategy(AddrResolution.java:613)
	at oracle.net.resolver.AddrResolution.<init>(AddrResolution.java:430)
	at oracle.net.ns.NSProtocol.<init>(NSProtocol.java:242)
	at oracle.net.ns.NSProtocolNIO.<init>(NSProtocolNIO.java:143)
	at oracle.jdbc.driver.T4CConnection.logon(T4CConnection.java:777)
	... 30 more
	Suppressed: oracle.net.ns.NetException: ORA-17866: 포트 번호에 부적합한 숫자 형식입니다.
		at oracle.net.resolver.HostnameNamingAdapter.resolve(HostnameNamingAdapter.java:183)
		... 37 more

com.sh.mvc.photo.model.service.PhotoServiceTest.test2(int)  Time elapsed: 0.011 s  <<< ERROR!
org.apache.ibatis.exceptions.PersistenceException: 

### Error querying database.  Cause: java.sql.SQLException: ORA-12263: Failed to access tnsnames.ora in the directory configured as TNS admin: /Wallet_YH5J45K2SD3FKWR9. The file does not exist, or is not accessible.
### The error may exist in mapper/photo/photo-mapper.xml
### The error may involve photo.getTotalCount
### The error occurred while executing a query
### Cause: java.sql.SQLException: ORA-12263: Failed to access tnsnames.ora in the directory configured as TNS admin: /Wallet_YH5J45K2SD3FKWR9. The file does not exist, or is not accessible.
	at org.apache.ibatis.exceptions.ExceptionFactory.wrapException(ExceptionFactory.java:30)
	at org.apache.ibatis.session.defaults.DefaultSqlSession.selectList(DefaultSqlSession.java:149)
	at org.apache.ibatis.session.defaults.DefaultSqlSession.selectList(DefaultSqlSession.java:140)
	at org.apache.ibatis.session.defaults.DefaultSqlSession.selectOne(DefaultSqlSession.java:76)
	at org.apache.ibatis.session.defaults.DefaultSqlSession.selectOne(DefaultSqlSession.java:70)
	at com.sh.mvc.photo.model.dao.PhotoDao.getTotalCount(PhotoDao.java:12)
	at com.sh.mvc.photo.model.service.PhotoService.getTotalCount(PhotoService.java:17)
	at com.sh.mvc.photo.model.service.PhotoServiceTest.pageProvider(PhotoServiceTest.java:71)
	at java.base/java.lang.reflect.Method.invoke(Method.java:568)
	at java.base/java.util.stream.ReferencePipeline$3$1.accept(ReferencePipeline.java:197)
	at java.base/java.util.stream.ReferencePipeline$3$1.accept(ReferencePipeline.java:197)
	at java.base/java.util.stream.ReferencePipeline$3$1.accept(ReferencePipeline.java:197)
	at java.base/java.util.Spliterators$ArraySpliterator.forEachRemaining(Spliterators.java:992)
	at java.base/java.util.stream.AbstractPipeline.copyInto(AbstractPipeline.java:509)
	at java.base/java.util.stream.AbstractPipeline.wrapAndCopyInto(AbstractPipeline.java:499)
	at java.base/java.util.stream.ForEachOps$ForEachOp.evaluateSequential(ForEachOps.java:150)
	at java.base/java.util.stream.ForEachOps$ForEachOp$OfRef.evaluateSequential(ForEachOps.java:173)
	at java.base/java.util.stream.AbstractPipeline.evaluate(AbstractPipeline.java:234)
	at java.base/java.util.stream.ReferencePipeline.forEach(ReferencePipeline.java:596)
	at java.base/java.util.stream.ReferencePipeline$7$1.accept(ReferencePipeline.java:276)
	at java.base/java.util.stream.ReferencePipeline$3$1.accept(ReferencePipeline.java:197)
	at java.base/java.util.stream.ReferencePipeline$3$1.accept(ReferencePipeline.java:197)
	at java.base/java.util.stream.ReferencePipeline$3$1.accept(ReferencePipeline.java:197)
	at java.base/java.util.ArrayList$ArrayListSpliterator.forEachRemaining(ArrayList.java:1625)
	at java.base/java.util.stream.AbstractPipeline.copyInto(AbstractPipeline.java:509)
	at java.base/java.util.stream.AbstractPipeline.wrapAndCopyInto(AbstractPipeline.java:499)
	at java.base/java.util.stream.ForEachOps$ForEachOp.evaluateSequential(ForEachOps.java:150)
	at java.base/java.util.stream.ForEachOps$ForEachOp$OfRef.evaluateSequential(ForEachOps.java:173)
	at java.base/java.util.stream.AbstractPipeline.evaluate(AbstractPipeline.java:234)
	at java.base/java.util.stream.ReferencePipeline.forEach(ReferencePipeline.java:596)
	at java.base/java.util.stream.ReferencePipeline$7$1.accept(ReferencePipeline.java:276)
	at java.base/java.util.ArrayList$ArrayListSpliterator.forEachRemaining(ArrayList.java:1625)
	at java.base/java.util.stream.AbstractPipeline.copyInto(AbstractPipeline.java:509)
	at java.base/java.util.stream.AbstractPipeline.wrapAndCopyInto(AbstractPipeline.java:499)
	at java.base/java.util.stream.ForEachOps$ForEachOp.evaluateSequential(ForEachOps.java:150)
	at java.base/java.util.stream.ForEachOps$ForEachOp$OfRef.evaluateSequential(ForEachOps.java:173)
	at java.base/java.util.stream.AbstractPipeline.evaluate(AbstractPipeline.java:234)
	at java.base/java.util.stream.ReferencePipeline.forEach(ReferencePipeline.java:596)
	at java.base/java.util.ArrayList.forEach(ArrayList.java:1511)
	at java.base/java.util.ArrayList.forEach(ArrayList.java:1511)
	Suppressed: org.junit.platform.commons.PreconditionViolationException: Configuration error: You must configure at least one set of arguments for this @ParameterizedTest
		at java.base/java.util.stream.AbstractPipeline.close(AbstractPipeline.java:323)
		at java.base/java.util.stream.ReferencePipeline$7$1.accept(ReferencePipeline.java:273)
		... 9 more
Caused by: java.sql.SQLException: ORA-12263: Failed to access tnsnames.ora in the directory configured as TNS admin: /Wallet_YH5J45K2SD3FKWR9. The file does not exist, or is not accessible.
	at oracle.jdbc.driver.T4CConnection.handleLogonNetException(T4CConnection.java:1083)
	at oracle.jdbc.driver.T4CConnection.logon(T4CConnection.java:863)
	at oracle.jdbc.driver.PhysicalConnection.connect(PhysicalConnection.java:1101)
	at oracle.jdbc.driver.T4CDriverExtension.getConnection(T4CDriverExtension.java:104)
	at oracle.jdbc.driver.OracleDriver.connect(OracleDriver.java:837)
	at oracle.jdbc.driver.OracleDriver.connect(OracleDriver.java:664)
	at java.sql/java.sql.DriverManager.getConnection(DriverManager.java:681)
	at java.sql/java.sql.DriverManager.getConnection(DriverManager.java:190)
	at org.apache.ibatis.datasource.unpooled.UnpooledDataSource.doGetConnection(UnpooledDataSource.java:224)
	at org.apache.ibatis.datasource.unpooled.UnpooledDataSource.doGetConnection(UnpooledDataSource.java:219)
	at org.apache.ibatis.datasource.unpooled.UnpooledDataSource.getConnection(UnpooledDataSource.java:95)
	at org.apache.ibatis.datasource.pooled.PooledDataSource.popConnection(PooledDataSource.java:432)
	at org.apache.ibatis.datasource.pooled.PooledDataSource.getConnection(PooledDataSource.java:89)
	at org.apache.ibatis.transaction.jdbc.JdbcTransaction.openConnection(JdbcTransaction.java:139)
	at org.apache.ibatis.transaction.jdbc.JdbcTransaction.getConnection(JdbcTransaction.java:61)
	at org.apache.ibatis.executor.BaseExecutor.getConnection(BaseExecutor.java:337)
	at org.apache.ibatis.executor.SimpleExecutor.prepareStatement(SimpleExecutor.java:86)
	at org.apache.ibatis.executor.SimpleExecutor.doQuery(SimpleExecutor.java:62)
	at org.apache.ibatis.executor.BaseExecutor.queryFromDatabase(BaseExecutor.java:325)
	at org.apache.ibatis.executor.BaseExecutor.query(BaseExecutor.java:156)
	at org.apache.ibatis.executor.CachingExecutor.query(CachingExecutor.java:109)
	at org.apache.ibatis.executor.CachingExecutor.query(CachingExecutor.java:89)
	at org.apache.ibatis.session.defaults.DefaultSqlSession.selectList(DefaultSqlSession.java:147)
	... 38 more
Caused by: oracle.net.ns.NetException: ORA-12263: Failed to access tnsnames.ora in the directory configured as TNS admin: /Wallet_YH5J45K2SD3FKWR9. The file does not exist, or is not accessible.
	at oracle.net.resolver.TNSNamesNamingAdapter.resolve(TNSNamesNamingAdapter.java:142)
	at oracle.net.resolver.NameResolver.resolveName(NameResolver.java:177)
	at oracle.net.resolver.AddrResolution.resolveTNSAddress(AddrResolution.java:884)
	at oracle.net.resolver.AddrResolution.initConnStrategy(AddrResolution.java:613)
	at oracle.net.resolver.AddrResolution.<init>(AddrResolution.java:430)
	at oracle.net.ns.NSProtocol.<init>(NSProtocol.java:242)
	at oracle.net.ns.NSProtocolNIO.<init>(NSProtocolNIO.java:143)
	at oracle.jdbc.driver.T4CConnection.logon(T4CConnection.java:777)
	... 59 more
	Suppressed: oracle.net.ns.NetException: ORA-17866: 포트 번호에 부적합한 숫자 형식입니다.
		at oracle.net.resolver.HostnameNamingAdapter.resolve(HostnameNamingAdapter.java:183)
		... 66 more

