<?xml version="1.0" encoding="UTF-8"?>
<testsuite xmlns:xsi="http://www.w3.org/2001/XMLSchema-instance" xsi:noNamespaceSchemaLocation="https://maven.apache.org/surefire/maven-surefire-plugin/xsd/surefire-test-report-3.0.xsd" version="3.0" name="com.sh.mvc.board.model.dao.BoardDaoTest" time="0.204" tests="11" errors="11" skipped="0" failures="0">
  <properties>
[...]
</properties>
  <testcase name="test2_1(long)[1]" classname="com.sh.mvc.board.model.dao.BoardDaoTest" time="0.026">
    <error message="&#10;### Error querying database.  Cause: java.sql.SQLException: ORA-12263: Failed to access tnsnames.ora in the directory configured as TNS admin: /home/ubuntu/Wallet_YH5J45K2SD3FKWR9. The file does not exist, or is not accessible.&#10;### The error may exist in mapper/board/board-mapper.xml&#10;### The error may involve board.findById&#10;### The error occurred while executing a query&#10;### Cause: java.sql.SQLException: ORA-12263: Failed to access tnsnames.ora in the directory configured as TNS admin: /home/ubuntu/Wallet_YH5J45K2SD3FKWR9. The file does not exist, or is not accessible." type="org.apache.ibatis.exceptions.PersistenceException"><![CDATA[org.apache.ibatis.exceptions.PersistenceException: 

### Error querying database.  Cause: java.sql.SQLException: ORA-12263: Failed to access tnsnames.ora in the directory configured as TNS admin: /home/ubuntu/Wallet_YH5J45K2SD3FKWR9. The file does not exist, or is not accessible.
### The error may exist in mapper/board/board-mapper.xml
### The error may involve board.findById
### The error occurred while executing a query
### Cause: java.sql.SQLException: ORA-12263: Failed to access tnsnames.ora in the directory configured as TNS admin: /home/ubuntu/Wallet_YH5J45K2SD3FKWR9. The file does not exist, or is not accessible.
	at org.apache.ibatis.exceptions.ExceptionFactory.wrapException(ExceptionFactory.java:30)
	at org.apache.ibatis.session.defaults.DefaultSqlSession.selectList(DefaultSqlSession.java:149)
	at org.apache.ibatis.session.defaults.DefaultSqlSession.selectList(DefaultSqlSession.java:140)
	at org.apache.ibatis.session.defaults.DefaultSqlSession.selectOne(DefaultSqlSession.java:76)
	at com.sh.mvc.board.model.dao.BoardDao.findById(BoardDao.java:19)
	at com.sh.mvc.board.model.dao.BoardDaoTest.test2_1(BoardDaoTest.java:65)
	at java.base/java.lang.reflect.Method.invoke(Method.java:568)
	at java.base/java.util.stream.ForEachOps$ForEachOp$OfRef.accept(ForEachOps.java:183)
	at java.base/java.util.stream.ReferencePipeline$3$1.accept(ReferencePipeline.java:197)
	at java.base/java.util.stream.ReferencePipeline$2$1.accept(ReferencePipeline.java:179)
	at java.base/java.util.stream.ReferencePipeline$3$1.accept(ReferencePipeline.java:197)
	at java.base/java.util.stream.ForEachOps$ForEachOp$OfRef.accept(ForEachOps.java:183)
	at java.base/java.util.stream.ReferencePipeline$3$1.accept(ReferencePipeline.java:197)
	at java.base/java.util.stream.ReferencePipeline$3$1.accept(ReferencePipeline.java:197)
	at java.base/java.util.stream.ReferencePipeline$3$1.accept(ReferencePipeline.java:197)
	at java.base/java.util.stream.ForEachOps$ForEachOp$OfRef.accept(ForEachOps.java:183)
	at java.base/java.util.stream.ReferencePipeline$3$1.accept(ReferencePipeline.java:197)
	at java.base/java.util.Spliterators$ArraySpliterator.forEachRemaining(Spliterators.java:992)
	at java.base/java.util.stream.AbstractPipeline.copyInto(AbstractPipeline.java:509)
	at java.base/java.util.stream.AbstractPipeline.wrapAndCopyInto(AbstractPipeline.java:499)
	at java.base/java.util.stream.ForEachOps$ForEachOp.evaluateSequential(ForEachOps.java:150)
	at java.base/java.util.stream.ForEachOps$ForEachOp$OfRef.evaluateSequential(ForEachOps.java:173)
	at java.base/java.util.stream.AbstractPipeline.evaluate(AbstractPipeline.java:234)
	at java.base/java.util.stream.ReferencePipeline.forEach(ReferencePipeline.java:596)
	at java.base/java.util.stream.ReferencePipeline$7$1.accept(ReferencePipeline.java:276)
	at java.base/java.util.stream.ReferencePipeline$3$1.accept(ReferencePipeline.java:197)
	at java.base/java.util.stream.ReferencePipeline$3$1.accept(ReferencePipeline.java:197)
	at java.base/java.util.stream.ReferencePipeline$3$1.accept(ReferencePipeline.java:197)
	at java.base/java.util.ArrayList$ArrayListSpliterator.forEachRemaining(ArrayList.java:1625)
	at java.base/java.util.stream.AbstractPipeline.copyInto(AbstractPipeline.java:509)
	at java.base/java.util.stream.AbstractPipeline.wrapAndCopyInto(AbstractPipeline.java:499)
	at java.base/java.util.stream.ForEachOps$ForEachOp.evaluateSequential(ForEachOps.java:150)
	at java.base/java.util.stream.ForEachOps$ForEachOp$OfRef.evaluateSequential(ForEachOps.java:173)
	at java.base/java.util.stream.AbstractPipeline.evaluate(AbstractPipeline.java:234)
	at java.base/java.util.stream.ReferencePipeline.forEach(ReferencePipeline.java:596)
	at java.base/java.util.stream.ReferencePipeline$7$1.accept(ReferencePipeline.java:276)
	at java.base/java.util.ArrayList$ArrayListSpliterator.forEachRemaining(ArrayList.java:1625)
	at java.base/java.util.stream.AbstractPipeline.copyInto(AbstractPipeline.java:509)
	at java.base/java.util.stream.AbstractPipeline.wrapAndCopyInto(AbstractPipeline.java:499)
	at java.base/java.util.stream.ForEachOps$ForEachOp.evaluateSequential(ForEachOps.java:150)
	at java.base/java.util.stream.ForEachOps$ForEachOp$OfRef.evaluateSequential(ForEachOps.java:173)
	at java.base/java.util.stream.AbstractPipeline.evaluate(AbstractPipeline.java:234)
	at java.base/java.util.stream.ReferencePipeline.forEach(ReferencePipeline.java:596)
	at java.base/java.util.ArrayList.forEach(ArrayList.java:1511)
	at java.base/java.util.ArrayList.forEach(ArrayList.java:1511)
Caused by: java.sql.SQLException: ORA-12263: Failed to access tnsnames.ora in the directory configured as TNS admin: /home/ubuntu/Wallet_YH5J45K2SD3FKWR9. The file does not exist, or is not accessible.
	at oracle.jdbc.driver.T4CConnection.handleLogonNetException(T4CConnection.java:1083)
	at oracle.jdbc.driver.T4CConnection.logon(T4CConnection.java:863)
	at oracle.jdbc.driver.PhysicalConnection.connect(PhysicalConnection.java:1101)
	at oracle.jdbc.driver.T4CDriverExtension.getConnection(T4CDriverExtension.java:104)
	at oracle.jdbc.driver.OracleDriver.connect(OracleDriver.java:837)
	at oracle.jdbc.driver.OracleDriver.connect(OracleDriver.java:664)
	at java.sql/java.sql.DriverManager.getConnection(DriverManager.java:681)
	at java.sql/java.sql.DriverManager.getConnection(DriverManager.java:190)
	at org.apache.ibatis.datasource.unpooled.UnpooledDataSource.doGetConnection(UnpooledDataSource.java:224)
	at org.apache.ibatis.datasource.unpooled.UnpooledDataSource.doGetConnection(UnpooledDataSource.java:219)
	at org.apache.ibatis.datasource.unpooled.UnpooledDataSource.getConnection(UnpooledDataSource.java:95)
	at org.apache.ibatis.datasource.pooled.PooledDataSource.popConnection(PooledDataSource.java:432)
	at org.apache.ibatis.datasource.pooled.PooledDataSource.getConnection(PooledDataSource.java:89)
	at org.apache.ibatis.transaction.jdbc.JdbcTransaction.openConnection(JdbcTransaction.java:139)
	at org.apache.ibatis.transaction.jdbc.JdbcTransaction.getConnection(JdbcTransaction.java:61)
	at org.apache.ibatis.executor.BaseExecutor.getConnection(BaseExecutor.java:337)
	at org.apache.ibatis.executor.SimpleExecutor.prepareStatement(SimpleExecutor.java:86)
	at org.apache.ibatis.executor.SimpleExecutor.doQuery(SimpleExecutor.java:62)
	at org.apache.ibatis.executor.BaseExecutor.queryFromDatabase(BaseExecutor.java:325)
	at org.apache.ibatis.executor.BaseExecutor.query(BaseExecutor.java:156)
	at org.apache.ibatis.executor.CachingExecutor.query(CachingExecutor.java:109)
	at org.apache.ibatis.executor.CachingExecutor.query(CachingExecutor.java:89)
	at org.apache.ibatis.session.defaults.DefaultSqlSession.selectList(DefaultSqlSession.java:147)
	... 43 more
Caused by: oracle.net.ns.NetException: ORA-12263: Failed to access tnsnames.ora in the directory configured as TNS admin: /home/ubuntu/Wallet_YH5J45K2SD3FKWR9. The file does not exist, or is not accessible.
	at oracle.net.resolver.TNSNamesNamingAdapter.resolve(TNSNamesNamingAdapter.java:142)
	at oracle.net.resolver.NameResolver.resolveName(NameResolver.java:177)
	at oracle.net.resolver.AddrResolution.resolveTNSAddress(AddrResolution.java:884)
	at oracle.net.resolver.AddrResolution.initConnStrategy(AddrResolution.java:613)
	at oracle.net.resolver.AddrResolution.<init>(AddrResolution.java:430)
	at oracle.net.ns.NSProtocol.<init>(NSProtocol.java:242)
	at oracle.net.ns.NSProtocolNIO.<init>(NSProtocolNIO.java:143)
	at oracle.jdbc.driver.T4CConnection.logon(T4CConnection.java:777)
	... 64 more
	Suppressed: oracle.net.ns.NetException: ORA-17866: 포트 번호에 부적합한 숫자 형식입니다.
		at oracle.net.resolver.HostnameNamingAdapter.resolve(HostnameNamingAdapter.java:183)
		... 71 more
]]></error>
  </testcase>
  <testcase name="test2_1(long)[2]" classname="com.sh.mvc.board.model.dao.BoardDaoTest" time="0.009">
    <error message="&#10;### Error querying database.  Cause: java.sql.SQLException: ORA-12263: Failed to access tnsnames.ora in the directory configured as TNS admin: /home/ubuntu/Wallet_YH5J45K2SD3FKWR9. The file does not exist, or is not accessible.&#10;### The error may exist in mapper/board/board-mapper.xml&#10;### The error may involve board.findById&#10;### The error occurred while executing a query&#10;### Cause: java.sql.SQLException: ORA-12263: Failed to access tnsnames.ora in the directory configured as TNS admin: /home/ubuntu/Wallet_YH5J45K2SD3FKWR9. The file does not exist, or is not accessible." type="org.apache.ibatis.exceptions.PersistenceException"><![CDATA[org.apache.ibatis.exceptions.PersistenceException: 

### Error querying database.  Cause: java.sql.SQLException: ORA-12263: Failed to access tnsnames.ora in the directory configured as TNS admin: /home/ubuntu/Wallet_YH5J45K2SD3FKWR9. The file does not exist, or is not accessible.
### The error may exist in mapper/board/board-mapper.xml
### The error may involve board.findById
### The error occurred while executing a query
### Cause: java.sql.SQLException: ORA-12263: Failed to access tnsnames.ora in the directory configured as TNS admin: /home/ubuntu/Wallet_YH5J45K2SD3FKWR9. The file does not exist, or is not accessible.
	at org.apache.ibatis.exceptions.ExceptionFactory.wrapException(ExceptionFactory.java:30)
	at org.apache.ibatis.session.defaults.DefaultSqlSession.selectList(DefaultSqlSession.java:149)
	at org.apache.ibatis.session.defaults.DefaultSqlSession.selectList(DefaultSqlSession.java:140)
	at org.apache.ibatis.session.defaults.DefaultSqlSession.selectOne(DefaultSqlSession.java:76)
	at com.sh.mvc.board.model.dao.BoardDao.findById(BoardDao.java:19)
	at com.sh.mvc.board.model.dao.BoardDaoTest.test2_1(BoardDaoTest.java:65)
	at java.base/java.lang.reflect.Method.invoke(Method.java:568)
	at java.base/java.util.stream.ForEachOps$ForEachOp$OfRef.accept(ForEachOps.java:183)
	at java.base/java.util.stream.ReferencePipeline$3$1.accept(ReferencePipeline.java:197)
	at java.base/java.util.stream.ReferencePipeline$2$1.accept(ReferencePipeline.java:179)
	at java.base/java.util.stream.ReferencePipeline$3$1.accept(ReferencePipeline.java:197)
	at java.base/java.util.stream.ForEachOps$ForEachOp$OfRef.accept(ForEachOps.java:183)
	at java.base/java.util.stream.ReferencePipeline$3$1.accept(ReferencePipeline.java:197)
	at java.base/java.util.stream.ReferencePipeline$3$1.accept(ReferencePipeline.java:197)
	at java.base/java.util.stream.ReferencePipeline$3$1.accept(ReferencePipeline.java:197)
	at java.base/java.util.stream.ForEachOps$ForEachOp$OfRef.accept(ForEachOps.java:183)
	at java.base/java.util.stream.ReferencePipeline$3$1.accept(ReferencePipeline.java:197)
	at java.base/java.util.Spliterators$ArraySpliterator.forEachRemaining(Spliterators.java:992)
	at java.base/java.util.stream.AbstractPipeline.copyInto(AbstractPipeline.java:509)
	at java.base/java.util.stream.AbstractPipeline.wrapAndCopyInto(AbstractPipeline.java:499)
	at java.base/java.util.stream.ForEachOps$ForEachOp.evaluateSequential(ForEachOps.java:150)
	at java.base/java.util.stream.ForEachOps$ForEachOp$OfRef.evaluateSequential(ForEachOps.java:173)
	at java.base/java.util.stream.AbstractPipeline.evaluate(AbstractPipeline.java:234)
	at java.base/java.util.stream.ReferencePipeline.forEach(ReferencePipeline.java:596)
	at java.base/java.util.stream.ReferencePipeline$7$1.accept(ReferencePipeline.java:276)
	at java.base/java.util.stream.ReferencePipeline$3$1.accept(ReferencePipeline.java:197)
	at java.base/java.util.stream.ReferencePipeline$3$1.accept(ReferencePipeline.java:197)
	at java.base/java.util.stream.ReferencePipeline$3$1.accept(ReferencePipeline.java:197)
	at java.base/java.util.ArrayList$ArrayListSpliterator.forEachRemaining(ArrayList.java:1625)
	at java.base/java.util.stream.AbstractPipeline.copyInto(AbstractPipeline.java:509)
	at java.base/java.util.stream.AbstractPipeline.wrapAndCopyInto(AbstractPipeline.java:499)
	at java.base/java.util.stream.ForEachOps$ForEachOp.evaluateSequential(ForEachOps.java:150)
	at java.base/java.util.stream.ForEachOps$ForEachOp$OfRef.evaluateSequential(ForEachOps.java:173)
	at java.base/java.util.stream.AbstractPipeline.evaluate(AbstractPipeline.java:234)
	at java.base/java.util.stream.ReferencePipeline.forEach(ReferencePipeline.java:596)
	at java.base/java.util.stream.ReferencePipeline$7$1.accept(ReferencePipeline.java:276)
	at java.base/java.util.ArrayList$ArrayListSpliterator.forEachRemaining(ArrayList.java:1625)
	at java.base/java.util.stream.AbstractPipeline.copyInto(AbstractPipeline.java:509)
	at java.base/java.util.stream.AbstractPipeline.wrapAndCopyInto(AbstractPipeline.java:499)
	at java.base/java.util.stream.ForEachOps$ForEachOp.evaluateSequential(ForEachOps.java:150)
	at java.base/java.util.stream.ForEachOps$ForEachOp$OfRef.evaluateSequential(ForEachOps.java:173)
	at java.base/java.util.stream.AbstractPipeline.evaluate(AbstractPipeline.java:234)
	at java.base/java.util.stream.ReferencePipeline.forEach(ReferencePipeline.java:596)
	at java.base/java.util.ArrayList.forEach(ArrayList.java:1511)
	at java.base/java.util.ArrayList.forEach(ArrayList.java:1511)
Caused by: java.sql.SQLException: ORA-12263: Failed to access tnsnames.ora in the directory configured as TNS admin: /home/ubuntu/Wallet_YH5J45K2SD3FKWR9. The file does not exist, or is not accessible.
	at oracle.jdbc.driver.T4CConnection.handleLogonNetException(T4CConnection.java:1083)
	at oracle.jdbc.driver.T4CConnection.logon(T4CConnection.java:863)
	at oracle.jdbc.driver.PhysicalConnection.connect(PhysicalConnection.java:1101)
	at oracle.jdbc.driver.T4CDriverExtension.getConnection(T4CDriverExtension.java:104)
	at oracle.jdbc.driver.OracleDriver.connect(OracleDriver.java:837)
	at oracle.jdbc.driver.OracleDriver.connect(OracleDriver.java:664)
	at java.sql/java.sql.DriverManager.getConnection(DriverManager.java:681)
	at java.sql/java.sql.DriverManager.getConnection(DriverManager.java:190)
	at org.apache.ibatis.datasource.unpooled.UnpooledDataSource.doGetConnection(UnpooledDataSource.java:224)
	at org.apache.ibatis.datasource.unpooled.UnpooledDataSource.doGetConnection(UnpooledDataSource.java:219)
	at org.apache.ibatis.datasource.unpooled.UnpooledDataSource.getConnection(UnpooledDataSource.java:95)
	at org.apache.ibatis.datasource.pooled.PooledDataSource.popConnection(PooledDataSource.java:432)
	at org.apache.ibatis.datasource.pooled.PooledDataSource.getConnection(PooledDataSource.java:89)
	at org.apache.ibatis.transaction.jdbc.JdbcTransaction.openConnection(JdbcTransaction.java:139)
	at org.apache.ibatis.transaction.jdbc.JdbcTransaction.getConnection(JdbcTransaction.java:61)
	at org.apache.ibatis.executor.BaseExecutor.getConnection(BaseExecutor.java:337)
	at org.apache.ibatis.executor.SimpleExecutor.prepareStatement(SimpleExecutor.java:86)
	at org.apache.ibatis.executor.SimpleExecutor.doQuery(SimpleExecutor.java:62)
	at org.apache.ibatis.executor.BaseExecutor.queryFromDatabase(BaseExecutor.java:325)
	at org.apache.ibatis.executor.BaseExecutor.query(BaseExecutor.java:156)
	at org.apache.ibatis.executor.CachingExecutor.query(CachingExecutor.java:109)
	at org.apache.ibatis.executor.CachingExecutor.query(CachingExecutor.java:89)
	at org.apache.ibatis.session.defaults.DefaultSqlSession.selectList(DefaultSqlSession.java:147)
	... 43 more
Caused by: oracle.net.ns.NetException: ORA-12263: Failed to access tnsnames.ora in the directory configured as TNS admin: /home/ubuntu/Wallet_YH5J45K2SD3FKWR9. The file does not exist, or is not accessible.
	at oracle.net.resolver.TNSNamesNamingAdapter.resolve(TNSNamesNamingAdapter.java:142)
	at oracle.net.resolver.NameResolver.resolveName(NameResolver.java:177)
	at oracle.net.resolver.AddrResolution.resolveTNSAddress(AddrResolution.java:884)
	at oracle.net.resolver.AddrResolution.initConnStrategy(AddrResolution.java:613)
	at oracle.net.resolver.AddrResolution.<init>(AddrResolution.java:430)
	at oracle.net.ns.NSProtocol.<init>(NSProtocol.java:242)
	at oracle.net.ns.NSProtocolNIO.<init>(NSProtocolNIO.java:143)
	at oracle.jdbc.driver.T4CConnection.logon(T4CConnection.java:777)
	... 64 more
	Suppressed: oracle.net.ns.NetException: ORA-17866: 포트 번호에 부적합한 숫자 형식입니다.
		at oracle.net.resolver.HostnameNamingAdapter.resolve(HostnameNamingAdapter.java:183)
		... 71 more
]]></error>
  </testcase>
  <testcase name="test2_1(long)[3]" classname="com.sh.mvc.board.model.dao.BoardDaoTest" time="0.006">
    <error message="&#10;### Error querying database.  Cause: java.sql.SQLException: ORA-12263: Failed to access tnsnames.ora in the directory configured as TNS admin: /home/ubuntu/Wallet_YH5J45K2SD3FKWR9. The file does not exist, or is not accessible.&#10;### The error may exist in mapper/board/board-mapper.xml&#10;### The error may involve board.findById&#10;### The error occurred while executing a query&#10;### Cause: java.sql.SQLException: ORA-12263: Failed to access tnsnames.ora in the directory configured as TNS admin: /home/ubuntu/Wallet_YH5J45K2SD3FKWR9. The file does not exist, or is not accessible." type="org.apache.ibatis.exceptions.PersistenceException"><![CDATA[org.apache.ibatis.exceptions.PersistenceException: 

### Error querying database.  Cause: java.sql.SQLException: ORA-12263: Failed to access tnsnames.ora in the directory configured as TNS admin: /home/ubuntu/Wallet_YH5J45K2SD3FKWR9. The file does not exist, or is not accessible.
### The error may exist in mapper/board/board-mapper.xml
### The error may involve board.findById
### The error occurred while executing a query
### Cause: java.sql.SQLException: ORA-12263: Failed to access tnsnames.ora in the directory configured as TNS admin: /home/ubuntu/Wallet_YH5J45K2SD3FKWR9. The file does not exist, or is not accessible.
	at org.apache.ibatis.exceptions.ExceptionFactory.wrapException(ExceptionFactory.java:30)
	at org.apache.ibatis.session.defaults.DefaultSqlSession.selectList(DefaultSqlSession.java:149)
	at org.apache.ibatis.session.defaults.DefaultSqlSession.selectList(DefaultSqlSession.java:140)
	at org.apache.ibatis.session.defaults.DefaultSqlSession.selectOne(DefaultSqlSession.java:76)
	at com.sh.mvc.board.model.dao.BoardDao.findById(BoardDao.java:19)
	at com.sh.mvc.board.model.dao.BoardDaoTest.test2_1(BoardDaoTest.java:65)
	at java.base/java.lang.reflect.Method.invoke(Method.java:568)
	at java.base/java.util.stream.ForEachOps$ForEachOp$OfRef.accept(ForEachOps.java:183)
	at java.base/java.util.stream.ReferencePipeline$3$1.accept(ReferencePipeline.java:197)
	at java.base/java.util.stream.ReferencePipeline$2$1.accept(ReferencePipeline.java:179)
	at java.base/java.util.stream.ReferencePipeline$3$1.accept(ReferencePipeline.java:197)
	at java.base/java.util.stream.ForEachOps$ForEachOp$OfRef.accept(ForEachOps.java:183)
	at java.base/java.util.stream.ReferencePipeline$3$1.accept(ReferencePipeline.java:197)
	at java.base/java.util.stream.ReferencePipeline$3$1.accept(ReferencePipeline.java:197)
	at java.base/java.util.stream.ReferencePipeline$3$1.accept(ReferencePipeline.java:197)
	at java.base/java.util.stream.ForEachOps$ForEachOp$OfRef.accept(ForEachOps.java:183)
	at java.base/java.util.stream.ReferencePipeline$3$1.accept(ReferencePipeline.java:197)
	at java.base/java.util.Spliterators$ArraySpliterator.forEachRemaining(Spliterators.java:992)
	at java.base/java.util.stream.AbstractPipeline.copyInto(AbstractPipeline.java:509)
	at java.base/java.util.stream.AbstractPipeline.wrapAndCopyInto(AbstractPipeline.java:499)
	at java.base/java.util.stream.ForEachOps$ForEachOp.evaluateSequential(ForEachOps.java:150)
	at java.base/java.util.stream.ForEachOps$ForEachOp$OfRef.evaluateSequential(ForEachOps.java:173)
	at java.base/java.util.stream.AbstractPipeline.evaluate(AbstractPipeline.java:234)
	at java.base/java.util.stream.ReferencePipeline.forEach(ReferencePipeline.java:596)
	at java.base/java.util.stream.ReferencePipeline$7$1.accept(ReferencePipeline.java:276)
	at java.base/java.util.stream.ReferencePipeline$3$1.accept(ReferencePipeline.java:197)
	at java.base/java.util.stream.ReferencePipeline$3$1.accept(ReferencePipeline.java:197)
	at java.base/java.util.stream.ReferencePipeline$3$1.accept(ReferencePipeline.java:197)
	at java.base/java.util.ArrayList$ArrayListSpliterator.forEachRemaining(ArrayList.java:1625)
	at java.base/java.util.stream.AbstractPipeline.copyInto(AbstractPipeline.java:509)
	at java.base/java.util.stream.AbstractPipeline.wrapAndCopyInto(AbstractPipeline.java:499)
	at java.base/java.util.stream.ForEachOps$ForEachOp.evaluateSequential(ForEachOps.java:150)
	at java.base/java.util.stream.ForEachOps$ForEachOp$OfRef.evaluateSequential(ForEachOps.java:173)
	at java.base/java.util.stream.AbstractPipeline.evaluate(AbstractPipeline.java:234)
	at java.base/java.util.stream.ReferencePipeline.forEach(ReferencePipeline.java:596)
	at java.base/java.util.stream.ReferencePipeline$7$1.accept(ReferencePipeline.java:276)
	at java.base/java.util.ArrayList$ArrayListSpliterator.forEachRemaining(ArrayList.java:1625)
	at java.base/java.util.stream.AbstractPipeline.copyInto(AbstractPipeline.java:509)
	at java.base/java.util.stream.AbstractPipeline.wrapAndCopyInto(AbstractPipeline.java:499)
	at java.base/java.util.stream.ForEachOps$ForEachOp.evaluateSequential(ForEachOps.java:150)
	at java.base/java.util.stream.ForEachOps$ForEachOp$OfRef.evaluateSequential(ForEachOps.java:173)
	at java.base/java.util.stream.AbstractPipeline.evaluate(AbstractPipeline.java:234)
	at java.base/java.util.stream.ReferencePipeline.forEach(ReferencePipeline.java:596)
	at java.base/java.util.ArrayList.forEach(ArrayList.java:1511)
	at java.base/java.util.ArrayList.forEach(ArrayList.java:1511)
Caused by: java.sql.SQLException: ORA-12263: Failed to access tnsnames.ora in the directory configured as TNS admin: /home/ubuntu/Wallet_YH5J45K2SD3FKWR9. The file does not exist, or is not accessible.
	at oracle.jdbc.driver.T4CConnection.handleLogonNetException(T4CConnection.java:1083)
	at oracle.jdbc.driver.T4CConnection.logon(T4CConnection.java:863)
	at oracle.jdbc.driver.PhysicalConnection.connect(PhysicalConnection.java:1101)
	at oracle.jdbc.driver.T4CDriverExtension.getConnection(T4CDriverExtension.java:104)
	at oracle.jdbc.driver.OracleDriver.connect(OracleDriver.java:837)
	at oracle.jdbc.driver.OracleDriver.connect(OracleDriver.java:664)
	at java.sql/java.sql.DriverManager.getConnection(DriverManager.java:681)
	at java.sql/java.sql.DriverManager.getConnection(DriverManager.java:190)
	at org.apache.ibatis.datasource.unpooled.UnpooledDataSource.doGetConnection(UnpooledDataSource.java:224)
	at org.apache.ibatis.datasource.unpooled.UnpooledDataSource.doGetConnection(UnpooledDataSource.java:219)
	at org.apache.ibatis.datasource.unpooled.UnpooledDataSource.getConnection(UnpooledDataSource.java:95)
	at org.apache.ibatis.datasource.pooled.PooledDataSource.popConnection(PooledDataSource.java:432)
	at org.apache.ibatis.datasource.pooled.PooledDataSource.getConnection(PooledDataSource.java:89)
	at org.apache.ibatis.transaction.jdbc.JdbcTransaction.openConnection(JdbcTransaction.java:139)
	at org.apache.ibatis.transaction.jdbc.JdbcTransaction.getConnection(JdbcTransaction.java:61)
	at org.apache.ibatis.executor.BaseExecutor.getConnection(BaseExecutor.java:337)
	at org.apache.ibatis.executor.SimpleExecutor.prepareStatement(SimpleExecutor.java:86)
	at org.apache.ibatis.executor.SimpleExecutor.doQuery(SimpleExecutor.java:62)
	at org.apache.ibatis.executor.BaseExecutor.queryFromDatabase(BaseExecutor.java:325)
	at org.apache.ibatis.executor.BaseExecutor.query(BaseExecutor.java:156)
	at org.apache.ibatis.executor.CachingExecutor.query(CachingExecutor.java:109)
	at org.apache.ibatis.executor.CachingExecutor.query(CachingExecutor.java:89)
	at org.apache.ibatis.session.defaults.DefaultSqlSession.selectList(DefaultSqlSession.java:147)
	... 43 more
Caused by: oracle.net.ns.NetException: ORA-12263: Failed to access tnsnames.ora in the directory configured as TNS admin: /home/ubuntu/Wallet_YH5J45K2SD3FKWR9. The file does not exist, or is not accessible.
	at oracle.net.resolver.TNSNamesNamingAdapter.resolve(TNSNamesNamingAdapter.java:142)
	at oracle.net.resolver.NameResolver.resolveName(NameResolver.java:177)
	at oracle.net.resolver.AddrResolution.resolveTNSAddress(AddrResolution.java:884)
	at oracle.net.resolver.AddrResolution.initConnStrategy(AddrResolution.java:613)
	at oracle.net.resolver.AddrResolution.<init>(AddrResolution.java:430)
	at oracle.net.ns.NSProtocol.<init>(NSProtocol.java:242)
	at oracle.net.ns.NSProtocolNIO.<init>(NSProtocolNIO.java:143)
	at oracle.jdbc.driver.T4CConnection.logon(T4CConnection.java:777)
	... 64 more
	Suppressed: oracle.net.ns.NetException: ORA-17866: 포트 번호에 부적합한 숫자 형식입니다.
		at oracle.net.resolver.HostnameNamingAdapter.resolve(HostnameNamingAdapter.java:183)
		... 71 more
]]></error>
  </testcase>
  <testcase name="test2_2(long)[1]" classname="com.sh.mvc.board.model.dao.BoardDaoTest" time="0.009">
    <error message="&#10;### Error querying database.  Cause: java.sql.SQLException: ORA-12263: Failed to access tnsnames.ora in the directory configured as TNS admin: /home/ubuntu/Wallet_YH5J45K2SD3FKWR9. The file does not exist, or is not accessible.&#10;### The error may exist in mapper/board/board-mapper.xml&#10;### The error may involve board.findById&#10;### The error occurred while executing a query&#10;### Cause: java.sql.SQLException: ORA-12263: Failed to access tnsnames.ora in the directory configured as TNS admin: /home/ubuntu/Wallet_YH5J45K2SD3FKWR9. The file does not exist, or is not accessible." type="org.apache.ibatis.exceptions.PersistenceException"><![CDATA[org.apache.ibatis.exceptions.PersistenceException: 

### Error querying database.  Cause: java.sql.SQLException: ORA-12263: Failed to access tnsnames.ora in the directory configured as TNS admin: /home/ubuntu/Wallet_YH5J45K2SD3FKWR9. The file does not exist, or is not accessible.
### The error may exist in mapper/board/board-mapper.xml
### The error may involve board.findById
### The error occurred while executing a query
### Cause: java.sql.SQLException: ORA-12263: Failed to access tnsnames.ora in the directory configured as TNS admin: /home/ubuntu/Wallet_YH5J45K2SD3FKWR9. The file does not exist, or is not accessible.
	at org.apache.ibatis.exceptions.ExceptionFactory.wrapException(ExceptionFactory.java:30)
	at org.apache.ibatis.session.defaults.DefaultSqlSession.selectList(DefaultSqlSession.java:149)
	at org.apache.ibatis.session.defaults.DefaultSqlSession.selectList(DefaultSqlSession.java:140)
	at org.apache.ibatis.session.defaults.DefaultSqlSession.selectOne(DefaultSqlSession.java:76)
	at com.sh.mvc.board.model.dao.BoardDao.findById(BoardDao.java:19)
	at com.sh.mvc.board.model.dao.BoardDaoTest.test2_2(BoardDaoTest.java:86)
	at java.base/java.lang.reflect.Method.invoke(Method.java:568)
	at java.base/java.util.stream.ForEachOps$ForEachOp$OfRef.accept(ForEachOps.java:183)
	at java.base/java.util.stream.ReferencePipeline$3$1.accept(ReferencePipeline.java:197)
	at java.base/java.util.stream.ReferencePipeline$2$1.accept(ReferencePipeline.java:179)
	at java.base/java.util.stream.ReferencePipeline$3$1.accept(ReferencePipeline.java:197)
	at java.base/java.util.stream.ForEachOps$ForEachOp$OfRef.accept(ForEachOps.java:183)
	at java.base/java.util.stream.ReferencePipeline$3$1.accept(ReferencePipeline.java:197)
	at java.base/java.util.stream.ReferencePipeline$3$1.accept(ReferencePipeline.java:197)
	at java.base/java.util.stream.ReferencePipeline$3$1.accept(ReferencePipeline.java:197)
	at java.base/java.util.stream.ForEachOps$ForEachOp$OfRef.accept(ForEachOps.java:183)
	at java.base/java.util.stream.ReferencePipeline$3$1.accept(ReferencePipeline.java:197)
	at java.base/java.util.Spliterators$ArraySpliterator.forEachRemaining(Spliterators.java:992)
	at java.base/java.util.stream.AbstractPipeline.copyInto(AbstractPipeline.java:509)
	at java.base/java.util.stream.AbstractPipeline.wrapAndCopyInto(AbstractPipeline.java:499)
	at java.base/java.util.stream.ForEachOps$ForEachOp.evaluateSequential(ForEachOps.java:150)
	at java.base/java.util.stream.ForEachOps$ForEachOp$OfRef.evaluateSequential(ForEachOps.java:173)
	at java.base/java.util.stream.AbstractPipeline.evaluate(AbstractPipeline.java:234)
	at java.base/java.util.stream.ReferencePipeline.forEach(ReferencePipeline.java:596)
	at java.base/java.util.stream.ReferencePipeline$7$1.accept(ReferencePipeline.java:276)
	at java.base/java.util.stream.ReferencePipeline$3$1.accept(ReferencePipeline.java:197)
	at java.base/java.util.stream.ReferencePipeline$3$1.accept(ReferencePipeline.java:197)
	at java.base/java.util.stream.ReferencePipeline$3$1.accept(ReferencePipeline.java:197)
	at java.base/java.util.ArrayList$ArrayListSpliterator.forEachRemaining(ArrayList.java:1625)
	at java.base/java.util.stream.AbstractPipeline.copyInto(AbstractPipeline.java:509)
	at java.base/java.util.stream.AbstractPipeline.wrapAndCopyInto(AbstractPipeline.java:499)
	at java.base/java.util.stream.ForEachOps$ForEachOp.evaluateSequential(ForEachOps.java:150)
	at java.base/java.util.stream.ForEachOps$ForEachOp$OfRef.evaluateSequential(ForEachOps.java:173)
	at java.base/java.util.stream.AbstractPipeline.evaluate(AbstractPipeline.java:234)
	at java.base/java.util.stream.ReferencePipeline.forEach(ReferencePipeline.java:596)
	at java.base/java.util.stream.ReferencePipeline$7$1.accept(ReferencePipeline.java:276)
	at java.base/java.util.ArrayList$ArrayListSpliterator.forEachRemaining(ArrayList.java:1625)
	at java.base/java.util.stream.AbstractPipeline.copyInto(AbstractPipeline.java:509)
	at java.base/java.util.stream.AbstractPipeline.wrapAndCopyInto(AbstractPipeline.java:499)
	at java.base/java.util.stream.ForEachOps$ForEachOp.evaluateSequential(ForEachOps.java:150)
	at java.base/java.util.stream.ForEachOps$ForEachOp$OfRef.evaluateSequential(ForEachOps.java:173)
	at java.base/java.util.stream.AbstractPipeline.evaluate(AbstractPipeline.java:234)
	at java.base/java.util.stream.ReferencePipeline.forEach(ReferencePipeline.java:596)
	at java.base/java.util.ArrayList.forEach(ArrayList.java:1511)
	at java.base/java.util.ArrayList.forEach(ArrayList.java:1511)
Caused by: java.sql.SQLException: ORA-12263: Failed to access tnsnames.ora in the directory configured as TNS admin: /home/ubuntu/Wallet_YH5J45K2SD3FKWR9. The file does not exist, or is not accessible.
	at oracle.jdbc.driver.T4CConnection.handleLogonNetException(T4CConnection.java:1083)
	at oracle.jdbc.driver.T4CConnection.logon(T4CConnection.java:863)
	at oracle.jdbc.driver.PhysicalConnection.connect(PhysicalConnection.java:1101)
	at oracle.jdbc.driver.T4CDriverExtension.getConnection(T4CDriverExtension.java:104)
	at oracle.jdbc.driver.OracleDriver.connect(OracleDriver.java:837)
	at oracle.jdbc.driver.OracleDriver.connect(OracleDriver.java:664)
	at java.sql/java.sql.DriverManager.getConnection(DriverManager.java:681)
	at java.sql/java.sql.DriverManager.getConnection(DriverManager.java:190)
	at org.apache.ibatis.datasource.unpooled.UnpooledDataSource.doGetConnection(UnpooledDataSource.java:224)
	at org.apache.ibatis.datasource.unpooled.UnpooledDataSource.doGetConnection(UnpooledDataSource.java:219)
	at org.apache.ibatis.datasource.unpooled.UnpooledDataSource.getConnection(UnpooledDataSource.java:95)
	at org.apache.ibatis.datasource.pooled.PooledDataSource.popConnection(PooledDataSource.java:432)
	at org.apache.ibatis.datasource.pooled.PooledDataSource.getConnection(PooledDataSource.java:89)
	at org.apache.ibatis.transaction.jdbc.JdbcTransaction.openConnection(JdbcTransaction.java:139)
	at org.apache.ibatis.transaction.jdbc.JdbcTransaction.getConnection(JdbcTransaction.java:61)
	at org.apache.ibatis.executor.BaseExecutor.getConnection(BaseExecutor.java:337)
	at org.apache.ibatis.executor.SimpleExecutor.prepareStatement(SimpleExecutor.java:86)
	at org.apache.ibatis.executor.SimpleExecutor.doQuery(SimpleExecutor.java:62)
	at org.apache.ibatis.executor.BaseExecutor.queryFromDatabase(BaseExecutor.java:325)
	at org.apache.ibatis.executor.BaseExecutor.query(BaseExecutor.java:156)
	at org.apache.ibatis.executor.CachingExecutor.query(CachingExecutor.java:109)
	at org.apache.ibatis.executor.CachingExecutor.query(CachingExecutor.java:89)
	at org.apache.ibatis.session.defaults.DefaultSqlSession.selectList(DefaultSqlSession.java:147)
	... 43 more
Caused by: oracle.net.ns.NetException: ORA-12263: Failed to access tnsnames.ora in the directory configured as TNS admin: /home/ubuntu/Wallet_YH5J45K2SD3FKWR9. The file does not exist, or is not accessible.
	at oracle.net.resolver.TNSNamesNamingAdapter.resolve(TNSNamesNamingAdapter.java:142)
	at oracle.net.resolver.NameResolver.resolveName(NameResolver.java:177)
	at oracle.net.resolver.AddrResolution.resolveTNSAddress(AddrResolution.java:884)
	at oracle.net.resolver.AddrResolution.initConnStrategy(AddrResolution.java:613)
	at oracle.net.resolver.AddrResolution.<init>(AddrResolution.java:430)
	at oracle.net.ns.NSProtocol.<init>(NSProtocol.java:242)
	at oracle.net.ns.NSProtocolNIO.<init>(NSProtocolNIO.java:143)
	at oracle.jdbc.driver.T4CConnection.logon(T4CConnection.java:777)
	... 64 more
	Suppressed: oracle.net.ns.NetException: ORA-17866: 포트 번호에 부적합한 숫자 형식입니다.
		at oracle.net.resolver.HostnameNamingAdapter.resolve(HostnameNamingAdapter.java:183)
		... 71 more
]]></error>
  </testcase>
  <testcase name="test2_2(long)[2]" classname="com.sh.mvc.board.model.dao.BoardDaoTest" time="0.008">
    <error message="&#10;### Error querying database.  Cause: java.sql.SQLException: ORA-12263: Failed to access tnsnames.ora in the directory configured as TNS admin: /home/ubuntu/Wallet_YH5J45K2SD3FKWR9. The file does not exist, or is not accessible.&#10;### The error may exist in mapper/board/board-mapper.xml&#10;### The error may involve board.findById&#10;### The error occurred while executing a query&#10;### Cause: java.sql.SQLException: ORA-12263: Failed to access tnsnames.ora in the directory configured as TNS admin: /home/ubuntu/Wallet_YH5J45K2SD3FKWR9. The file does not exist, or is not accessible." type="org.apache.ibatis.exceptions.PersistenceException"><![CDATA[org.apache.ibatis.exceptions.PersistenceException: 

### Error querying database.  Cause: java.sql.SQLException: ORA-12263: Failed to access tnsnames.ora in the directory configured as TNS admin: /home/ubuntu/Wallet_YH5J45K2SD3FKWR9. The file does not exist, or is not accessible.
### The error may exist in mapper/board/board-mapper.xml
### The error may involve board.findById
### The error occurred while executing a query
### Cause: java.sql.SQLException: ORA-12263: Failed to access tnsnames.ora in the directory configured as TNS admin: /home/ubuntu/Wallet_YH5J45K2SD3FKWR9. The file does not exist, or is not accessible.
	at org.apache.ibatis.exceptions.ExceptionFactory.wrapException(ExceptionFactory.java:30)
	at org.apache.ibatis.session.defaults.DefaultSqlSession.selectList(DefaultSqlSession.java:149)
	at org.apache.ibatis.session.defaults.DefaultSqlSession.selectList(DefaultSqlSession.java:140)
	at org.apache.ibatis.session.defaults.DefaultSqlSession.selectOne(DefaultSqlSession.java:76)
	at com.sh.mvc.board.model.dao.BoardDao.findById(BoardDao.java:19)
	at com.sh.mvc.board.model.dao.BoardDaoTest.test2_2(BoardDaoTest.java:86)
	at java.base/java.lang.reflect.Method.invoke(Method.java:568)
	at java.base/java.util.stream.ForEachOps$ForEachOp$OfRef.accept(ForEachOps.java:183)
	at java.base/java.util.stream.ReferencePipeline$3$1.accept(ReferencePipeline.java:197)
	at java.base/java.util.stream.ReferencePipeline$2$1.accept(ReferencePipeline.java:179)
	at java.base/java.util.stream.ReferencePipeline$3$1.accept(ReferencePipeline.java:197)
	at java.base/java.util.stream.ForEachOps$ForEachOp$OfRef.accept(ForEachOps.java:183)
	at java.base/java.util.stream.ReferencePipeline$3$1.accept(ReferencePipeline.java:197)
	at java.base/java.util.stream.ReferencePipeline$3$1.accept(ReferencePipeline.java:197)
	at java.base/java.util.stream.ReferencePipeline$3$1.accept(ReferencePipeline.java:197)
	at java.base/java.util.stream.ForEachOps$ForEachOp$OfRef.accept(ForEachOps.java:183)
	at java.base/java.util.stream.ReferencePipeline$3$1.accept(ReferencePipeline.java:197)
	at java.base/java.util.Spliterators$ArraySpliterator.forEachRemaining(Spliterators.java:992)
	at java.base/java.util.stream.AbstractPipeline.copyInto(AbstractPipeline.java:509)
	at java.base/java.util.stream.AbstractPipeline.wrapAndCopyInto(AbstractPipeline.java:499)
	at java.base/java.util.stream.ForEachOps$ForEachOp.evaluateSequential(ForEachOps.java:150)
	at java.base/java.util.stream.ForEachOps$ForEachOp$OfRef.evaluateSequential(ForEachOps.java:173)
	at java.base/java.util.stream.AbstractPipeline.evaluate(AbstractPipeline.java:234)
	at java.base/java.util.stream.ReferencePipeline.forEach(ReferencePipeline.java:596)
	at java.base/java.util.stream.ReferencePipeline$7$1.accept(ReferencePipeline.java:276)
	at java.base/java.util.stream.ReferencePipeline$3$1.accept(ReferencePipeline.java:197)
	at java.base/java.util.stream.ReferencePipeline$3$1.accept(ReferencePipeline.java:197)
	at java.base/java.util.stream.ReferencePipeline$3$1.accept(ReferencePipeline.java:197)
	at java.base/java.util.ArrayList$ArrayListSpliterator.forEachRemaining(ArrayList.java:1625)
	at java.base/java.util.stream.AbstractPipeline.copyInto(AbstractPipeline.java:509)
	at java.base/java.util.stream.AbstractPipeline.wrapAndCopyInto(AbstractPipeline.java:499)
	at java.base/java.util.stream.ForEachOps$ForEachOp.evaluateSequential(ForEachOps.java:150)
	at java.base/java.util.stream.ForEachOps$ForEachOp$OfRef.evaluateSequential(ForEachOps.java:173)
	at java.base/java.util.stream.AbstractPipeline.evaluate(AbstractPipeline.java:234)
	at java.base/java.util.stream.ReferencePipeline.forEach(ReferencePipeline.java:596)
	at java.base/java.util.stream.ReferencePipeline$7$1.accept(ReferencePipeline.java:276)
	at java.base/java.util.ArrayList$ArrayListSpliterator.forEachRemaining(ArrayList.java:1625)
	at java.base/java.util.stream.AbstractPipeline.copyInto(AbstractPipeline.java:509)
	at java.base/java.util.stream.AbstractPipeline.wrapAndCopyInto(AbstractPipeline.java:499)
	at java.base/java.util.stream.ForEachOps$ForEachOp.evaluateSequential(ForEachOps.java:150)
	at java.base/java.util.stream.ForEachOps$ForEachOp$OfRef.evaluateSequential(ForEachOps.java:173)
	at java.base/java.util.stream.AbstractPipeline.evaluate(AbstractPipeline.java:234)
	at java.base/java.util.stream.ReferencePipeline.forEach(ReferencePipeline.java:596)
	at java.base/java.util.ArrayList.forEach(ArrayList.java:1511)
	at java.base/java.util.ArrayList.forEach(ArrayList.java:1511)
Caused by: java.sql.SQLException: ORA-12263: Failed to access tnsnames.ora in the directory configured as TNS admin: /home/ubuntu/Wallet_YH5J45K2SD3FKWR9. The file does not exist, or is not accessible.
	at oracle.jdbc.driver.T4CConnection.handleLogonNetException(T4CConnection.java:1083)
	at oracle.jdbc.driver.T4CConnection.logon(T4CConnection.java:863)
	at oracle.jdbc.driver.PhysicalConnection.connect(PhysicalConnection.java:1101)
	at oracle.jdbc.driver.T4CDriverExtension.getConnection(T4CDriverExtension.java:104)
	at oracle.jdbc.driver.OracleDriver.connect(OracleDriver.java:837)
	at oracle.jdbc.driver.OracleDriver.connect(OracleDriver.java:664)
	at java.sql/java.sql.DriverManager.getConnection(DriverManager.java:681)
	at java.sql/java.sql.DriverManager.getConnection(DriverManager.java:190)
	at org.apache.ibatis.datasource.unpooled.UnpooledDataSource.doGetConnection(UnpooledDataSource.java:224)
	at org.apache.ibatis.datasource.unpooled.UnpooledDataSource.doGetConnection(UnpooledDataSource.java:219)
	at org.apache.ibatis.datasource.unpooled.UnpooledDataSource.getConnection(UnpooledDataSource.java:95)
	at org.apache.ibatis.datasource.pooled.PooledDataSource.popConnection(PooledDataSource.java:432)
	at org.apache.ibatis.datasource.pooled.PooledDataSource.getConnection(PooledDataSource.java:89)
	at org.apache.ibatis.transaction.jdbc.JdbcTransaction.openConnection(JdbcTransaction.java:139)
	at org.apache.ibatis.transaction.jdbc.JdbcTransaction.getConnection(JdbcTransaction.java:61)
	at org.apache.ibatis.executor.BaseExecutor.getConnection(BaseExecutor.java:337)
	at org.apache.ibatis.executor.SimpleExecutor.prepareStatement(SimpleExecutor.java:86)
	at org.apache.ibatis.executor.SimpleExecutor.doQuery(SimpleExecutor.java:62)
	at org.apache.ibatis.executor.BaseExecutor.queryFromDatabase(BaseExecutor.java:325)
	at org.apache.ibatis.executor.BaseExecutor.query(BaseExecutor.java:156)
	at org.apache.ibatis.executor.CachingExecutor.query(CachingExecutor.java:109)
	at org.apache.ibatis.executor.CachingExecutor.query(CachingExecutor.java:89)
	at org.apache.ibatis.session.defaults.DefaultSqlSession.selectList(DefaultSqlSession.java:147)
	... 43 more
Caused by: oracle.net.ns.NetException: ORA-12263: Failed to access tnsnames.ora in the directory configured as TNS admin: /home/ubuntu/Wallet_YH5J45K2SD3FKWR9. The file does not exist, or is not accessible.
	at oracle.net.resolver.TNSNamesNamingAdapter.resolve(TNSNamesNamingAdapter.java:142)
	at oracle.net.resolver.NameResolver.resolveName(NameResolver.java:177)
	at oracle.net.resolver.AddrResolution.resolveTNSAddress(AddrResolution.java:884)
	at oracle.net.resolver.AddrResolution.initConnStrategy(AddrResolution.java:613)
	at oracle.net.resolver.AddrResolution.<init>(AddrResolution.java:430)
	at oracle.net.ns.NSProtocol.<init>(NSProtocol.java:242)
	at oracle.net.ns.NSProtocolNIO.<init>(NSProtocolNIO.java:143)
	at oracle.jdbc.driver.T4CConnection.logon(T4CConnection.java:777)
	... 64 more
	Suppressed: oracle.net.ns.NetException: ORA-17866: 포트 번호에 부적합한 숫자 형식입니다.
		at oracle.net.resolver.HostnameNamingAdapter.resolve(HostnameNamingAdapter.java:183)
		... 71 more
]]></error>
  </testcase>
  <testcase name="test1" classname="com.sh.mvc.board.model.dao.BoardDaoTest" time="0.007">
    <error message="&#10;### Error querying database.  Cause: java.sql.SQLException: ORA-12263: Failed to access tnsnames.ora in the directory configured as TNS admin: /home/ubuntu/Wallet_YH5J45K2SD3FKWR9. The file does not exist, or is not accessible.&#10;### The error may exist in mapper/board/board-mapper.xml&#10;### The error may involve board.findAll&#10;### The error occurred while executing a query&#10;### Cause: java.sql.SQLException: ORA-12263: Failed to access tnsnames.ora in the directory configured as TNS admin: /home/ubuntu/Wallet_YH5J45K2SD3FKWR9. The file does not exist, or is not accessible." type="org.apache.ibatis.exceptions.PersistenceException"><![CDATA[org.apache.ibatis.exceptions.PersistenceException: 

### Error querying database.  Cause: java.sql.SQLException: ORA-12263: Failed to access tnsnames.ora in the directory configured as TNS admin: /home/ubuntu/Wallet_YH5J45K2SD3FKWR9. The file does not exist, or is not accessible.
### The error may exist in mapper/board/board-mapper.xml
### The error may involve board.findAll
### The error occurred while executing a query
### Cause: java.sql.SQLException: ORA-12263: Failed to access tnsnames.ora in the directory configured as TNS admin: /home/ubuntu/Wallet_YH5J45K2SD3FKWR9. The file does not exist, or is not accessible.
	at org.apache.ibatis.exceptions.ExceptionFactory.wrapException(ExceptionFactory.java:30)
	at org.apache.ibatis.session.defaults.DefaultSqlSession.selectList(DefaultSqlSession.java:149)
	at org.apache.ibatis.session.defaults.DefaultSqlSession.selectList(DefaultSqlSession.java:140)
	at org.apache.ibatis.session.defaults.DefaultSqlSession.selectList(DefaultSqlSession.java:135)
	at com.sh.mvc.board.model.dao.BoardDao.findAll(BoardDao.java:15)
	at com.sh.mvc.board.model.dao.BoardDaoTest.test1(BoardDaoTest.java:46)
	at java.base/java.lang.reflect.Method.invoke(Method.java:568)
	at java.base/java.util.ArrayList.forEach(ArrayList.java:1511)
	at java.base/java.util.ArrayList.forEach(ArrayList.java:1511)
Caused by: java.sql.SQLException: ORA-12263: Failed to access tnsnames.ora in the directory configured as TNS admin: /home/ubuntu/Wallet_YH5J45K2SD3FKWR9. The file does not exist, or is not accessible.
	at oracle.jdbc.driver.T4CConnection.handleLogonNetException(T4CConnection.java:1083)
	at oracle.jdbc.driver.T4CConnection.logon(T4CConnection.java:863)
	at oracle.jdbc.driver.PhysicalConnection.connect(PhysicalConnection.java:1101)
	at oracle.jdbc.driver.T4CDriverExtension.getConnection(T4CDriverExtension.java:104)
	at oracle.jdbc.driver.OracleDriver.connect(OracleDriver.java:837)
	at oracle.jdbc.driver.OracleDriver.connect(OracleDriver.java:664)
	at java.sql/java.sql.DriverManager.getConnection(DriverManager.java:681)
	at java.sql/java.sql.DriverManager.getConnection(DriverManager.java:190)
	at org.apache.ibatis.datasource.unpooled.UnpooledDataSource.doGetConnection(UnpooledDataSource.java:224)
	at org.apache.ibatis.datasource.unpooled.UnpooledDataSource.doGetConnection(UnpooledDataSource.java:219)
	at org.apache.ibatis.datasource.unpooled.UnpooledDataSource.getConnection(UnpooledDataSource.java:95)
	at org.apache.ibatis.datasource.pooled.PooledDataSource.popConnection(PooledDataSource.java:432)
	at org.apache.ibatis.datasource.pooled.PooledDataSource.getConnection(PooledDataSource.java:89)
	at org.apache.ibatis.transaction.jdbc.JdbcTransaction.openConnection(JdbcTransaction.java:139)
	at org.apache.ibatis.transaction.jdbc.JdbcTransaction.getConnection(JdbcTransaction.java:61)
	at org.apache.ibatis.executor.BaseExecutor.getConnection(BaseExecutor.java:337)
	at org.apache.ibatis.executor.SimpleExecutor.prepareStatement(SimpleExecutor.java:86)
	at org.apache.ibatis.executor.SimpleExecutor.doQuery(SimpleExecutor.java:62)
	at org.apache.ibatis.executor.BaseExecutor.queryFromDatabase(BaseExecutor.java:325)
	at org.apache.ibatis.executor.BaseExecutor.query(BaseExecutor.java:156)
	at org.apache.ibatis.executor.CachingExecutor.query(CachingExecutor.java:109)
	at org.apache.ibatis.executor.CachingExecutor.query(CachingExecutor.java:89)
	at org.apache.ibatis.session.defaults.DefaultSqlSession.selectList(DefaultSqlSession.java:147)
	... 7 more
Caused by: oracle.net.ns.NetException: ORA-12263: Failed to access tnsnames.ora in the directory configured as TNS admin: /home/ubuntu/Wallet_YH5J45K2SD3FKWR9. The file does not exist, or is not accessible.
	at oracle.net.resolver.TNSNamesNamingAdapter.resolve(TNSNamesNamingAdapter.java:142)
	at oracle.net.resolver.NameResolver.resolveName(NameResolver.java:177)
	at oracle.net.resolver.AddrResolution.resolveTNSAddress(AddrResolution.java:884)
	at oracle.net.resolver.AddrResolution.initConnStrategy(AddrResolution.java:613)
	at oracle.net.resolver.AddrResolution.<init>(AddrResolution.java:430)
	at oracle.net.ns.NSProtocol.<init>(NSProtocol.java:242)
	at oracle.net.ns.NSProtocolNIO.<init>(NSProtocolNIO.java:143)
	at oracle.jdbc.driver.T4CConnection.logon(T4CConnection.java:777)
	... 28 more
	Suppressed: oracle.net.ns.NetException: ORA-17866: 포트 번호에 부적합한 숫자 형식입니다.
		at oracle.net.resolver.HostnameNamingAdapter.resolve(HostnameNamingAdapter.java:183)
		... 35 more
]]></error>
  </testcase>
  <testcase name="test3" classname="com.sh.mvc.board.model.dao.BoardDaoTest" time="0.006">
    <error message="&#10;### Error updating database.  Cause: java.sql.SQLException: ORA-12263: Failed to access tnsnames.ora in the directory configured as TNS admin: /home/ubuntu/Wallet_YH5J45K2SD3FKWR9. The file does not exist, or is not accessible.&#10;### The error may exist in mapper/board/board-mapper.xml&#10;### The error may involve board.insertBoard&#10;### The error occurred while executing an update&#10;### Cause: java.sql.SQLException: ORA-12263: Failed to access tnsnames.ora in the directory configured as TNS admin: /home/ubuntu/Wallet_YH5J45K2SD3FKWR9. The file does not exist, or is not accessible." type="org.apache.ibatis.exceptions.PersistenceException"><![CDATA[org.apache.ibatis.exceptions.PersistenceException: 

### Error updating database.  Cause: java.sql.SQLException: ORA-12263: Failed to access tnsnames.ora in the directory configured as TNS admin: /home/ubuntu/Wallet_YH5J45K2SD3FKWR9. The file does not exist, or is not accessible.
### The error may exist in mapper/board/board-mapper.xml
### The error may involve board.insertBoard
### The error occurred while executing an update
### Cause: java.sql.SQLException: ORA-12263: Failed to access tnsnames.ora in the directory configured as TNS admin: /home/ubuntu/Wallet_YH5J45K2SD3FKWR9. The file does not exist, or is not accessible.
	at org.apache.ibatis.exceptions.ExceptionFactory.wrapException(ExceptionFactory.java:30)
	at org.apache.ibatis.session.defaults.DefaultSqlSession.update(DefaultSqlSession.java:199)
	at org.apache.ibatis.session.defaults.DefaultSqlSession.insert(DefaultSqlSession.java:184)
	at com.sh.mvc.board.model.dao.BoardDao.insertBoard(BoardDao.java:23)
	at com.sh.mvc.board.model.dao.BoardDaoTest.test3(BoardDaoTest.java:99)
	at java.base/java.lang.reflect.Method.invoke(Method.java:568)
	at java.base/java.util.ArrayList.forEach(ArrayList.java:1511)
	at java.base/java.util.ArrayList.forEach(ArrayList.java:1511)
Caused by: java.sql.SQLException: ORA-12263: Failed to access tnsnames.ora in the directory configured as TNS admin: /home/ubuntu/Wallet_YH5J45K2SD3FKWR9. The file does not exist, or is not accessible.
	at oracle.jdbc.driver.T4CConnection.handleLogonNetException(T4CConnection.java:1083)
	at oracle.jdbc.driver.T4CConnection.logon(T4CConnection.java:863)
	at oracle.jdbc.driver.PhysicalConnection.connect(PhysicalConnection.java:1101)
	at oracle.jdbc.driver.T4CDriverExtension.getConnection(T4CDriverExtension.java:104)
	at oracle.jdbc.driver.OracleDriver.connect(OracleDriver.java:837)
	at oracle.jdbc.driver.OracleDriver.connect(OracleDriver.java:664)
	at java.sql/java.sql.DriverManager.getConnection(DriverManager.java:681)
	at java.sql/java.sql.DriverManager.getConnection(DriverManager.java:190)
	at org.apache.ibatis.datasource.unpooled.UnpooledDataSource.doGetConnection(UnpooledDataSource.java:224)
	at org.apache.ibatis.datasource.unpooled.UnpooledDataSource.doGetConnection(UnpooledDataSource.java:219)
	at org.apache.ibatis.datasource.unpooled.UnpooledDataSource.getConnection(UnpooledDataSource.java:95)
	at org.apache.ibatis.datasource.pooled.PooledDataSource.popConnection(PooledDataSource.java:432)
	at org.apache.ibatis.datasource.pooled.PooledDataSource.getConnection(PooledDataSource.java:89)
	at org.apache.ibatis.transaction.jdbc.JdbcTransaction.openConnection(JdbcTransaction.java:139)
	at org.apache.ibatis.transaction.jdbc.JdbcTransaction.getConnection(JdbcTransaction.java:61)
	at org.apache.ibatis.executor.BaseExecutor.getConnection(BaseExecutor.java:337)
	at org.apache.ibatis.executor.SimpleExecutor.prepareStatement(SimpleExecutor.java:86)
	at org.apache.ibatis.executor.SimpleExecutor.doUpdate(SimpleExecutor.java:49)
	at org.apache.ibatis.executor.BaseExecutor.update(BaseExecutor.java:117)
	at org.apache.ibatis.executor.CachingExecutor.update(CachingExecutor.java:76)
	at org.apache.ibatis.session.defaults.DefaultSqlSession.update(DefaultSqlSession.java:197)
	... 6 more
Caused by: oracle.net.ns.NetException: ORA-12263: Failed to access tnsnames.ora in the directory configured as TNS admin: /home/ubuntu/Wallet_YH5J45K2SD3FKWR9. The file does not exist, or is not accessible.
	at oracle.net.resolver.TNSNamesNamingAdapter.resolve(TNSNamesNamingAdapter.java:142)
	at oracle.net.resolver.NameResolver.resolveName(NameResolver.java:177)
	at oracle.net.resolver.AddrResolution.resolveTNSAddress(AddrResolution.java:884)
	at oracle.net.resolver.AddrResolution.initConnStrategy(AddrResolution.java:613)
	at oracle.net.resolver.AddrResolution.<init>(AddrResolution.java:430)
	at oracle.net.ns.NSProtocol.<init>(NSProtocol.java:242)
	at oracle.net.ns.NSProtocolNIO.<init>(NSProtocolNIO.java:143)
	at oracle.jdbc.driver.T4CConnection.logon(T4CConnection.java:777)
	... 25 more
	Suppressed: oracle.net.ns.NetException: ORA-17866: 포트 번호에 부적합한 숫자 형식입니다.
		at oracle.net.resolver.HostnameNamingAdapter.resolve(HostnameNamingAdapter.java:183)
		... 32 more
]]></error>
  </testcase>
  <testcase name="test4(long)" classname="com.sh.mvc.board.model.dao.BoardDaoTest" time="0.026">
    <error message="&#10;### Error querying database.  Cause: java.sql.SQLException: ORA-12263: Failed to access tnsnames.ora in the directory configured as TNS admin: /home/ubuntu/Wallet_YH5J45K2SD3FKWR9. The file does not exist, or is not accessible.&#10;### The error may exist in mapper/board/board-mapper.xml&#10;### The error may involve board.findAll&#10;### The error occurred while executing a query&#10;### Cause: java.sql.SQLException: ORA-12263: Failed to access tnsnames.ora in the directory configured as TNS admin: /home/ubuntu/Wallet_YH5J45K2SD3FKWR9. The file does not exist, or is not accessible." type="org.apache.ibatis.exceptions.PersistenceException"><![CDATA[org.apache.ibatis.exceptions.PersistenceException: 

### Error querying database.  Cause: java.sql.SQLException: ORA-12263: Failed to access tnsnames.ora in the directory configured as TNS admin: /home/ubuntu/Wallet_YH5J45K2SD3FKWR9. The file does not exist, or is not accessible.
### The error may exist in mapper/board/board-mapper.xml
### The error may involve board.findAll
### The error occurred while executing a query
### Cause: java.sql.SQLException: ORA-12263: Failed to access tnsnames.ora in the directory configured as TNS admin: /home/ubuntu/Wallet_YH5J45K2SD3FKWR9. The file does not exist, or is not accessible.
	at org.apache.ibatis.exceptions.ExceptionFactory.wrapException(ExceptionFactory.java:30)
	at org.apache.ibatis.session.defaults.DefaultSqlSession.selectList(DefaultSqlSession.java:149)
	at org.apache.ibatis.session.defaults.DefaultSqlSession.selectList(DefaultSqlSession.java:140)
	at org.apache.ibatis.session.defaults.DefaultSqlSession.selectList(DefaultSqlSession.java:135)
	at com.sh.mvc.board.model.dao.BoardDao.findAll(BoardDao.java:15)
	at com.sh.mvc.board.model.dao.BoardDaoTest.boardIdProvider(BoardDaoTest.java:189)
	at java.base/java.lang.reflect.Method.invoke(Method.java:568)
	at java.base/java.util.stream.ReferencePipeline$3$1.accept(ReferencePipeline.java:197)
	at java.base/java.util.stream.ReferencePipeline$3$1.accept(ReferencePipeline.java:197)
	at java.base/java.util.stream.ReferencePipeline$3$1.accept(ReferencePipeline.java:197)
	at java.base/java.util.Spliterators$ArraySpliterator.forEachRemaining(Spliterators.java:992)
	at java.base/java.util.stream.AbstractPipeline.copyInto(AbstractPipeline.java:509)
	at java.base/java.util.stream.AbstractPipeline.wrapAndCopyInto(AbstractPipeline.java:499)
	at java.base/java.util.stream.ForEachOps$ForEachOp.evaluateSequential(ForEachOps.java:150)
	at java.base/java.util.stream.ForEachOps$ForEachOp$OfRef.evaluateSequential(ForEachOps.java:173)
	at java.base/java.util.stream.AbstractPipeline.evaluate(AbstractPipeline.java:234)
	at java.base/java.util.stream.ReferencePipeline.forEach(ReferencePipeline.java:596)
	at java.base/java.util.stream.ReferencePipeline$7$1.accept(ReferencePipeline.java:276)
	at java.base/java.util.stream.ReferencePipeline$3$1.accept(ReferencePipeline.java:197)
	at java.base/java.util.stream.ReferencePipeline$3$1.accept(ReferencePipeline.java:197)
	at java.base/java.util.stream.ReferencePipeline$3$1.accept(ReferencePipeline.java:197)
	at java.base/java.util.ArrayList$ArrayListSpliterator.forEachRemaining(ArrayList.java:1625)
	at java.base/java.util.stream.AbstractPipeline.copyInto(AbstractPipeline.java:509)
	at java.base/java.util.stream.AbstractPipeline.wrapAndCopyInto(AbstractPipeline.java:499)
	at java.base/java.util.stream.ForEachOps$ForEachOp.evaluateSequential(ForEachOps.java:150)
	at java.base/java.util.stream.ForEachOps$ForEachOp$OfRef.evaluateSequential(ForEachOps.java:173)
	at java.base/java.util.stream.AbstractPipeline.evaluate(AbstractPipeline.java:234)
	at java.base/java.util.stream.ReferencePipeline.forEach(ReferencePipeline.java:596)
	at java.base/java.util.stream.ReferencePipeline$7$1.accept(ReferencePipeline.java:276)
	at java.base/java.util.ArrayList$ArrayListSpliterator.forEachRemaining(ArrayList.java:1625)
	at java.base/java.util.stream.AbstractPipeline.copyInto(AbstractPipeline.java:509)
	at java.base/java.util.stream.AbstractPipeline.wrapAndCopyInto(AbstractPipeline.java:499)
	at java.base/java.util.stream.ForEachOps$ForEachOp.evaluateSequential(ForEachOps.java:150)
	at java.base/java.util.stream.ForEachOps$ForEachOp$OfRef.evaluateSequential(ForEachOps.java:173)
	at java.base/java.util.stream.AbstractPipeline.evaluate(AbstractPipeline.java:234)
	at java.base/java.util.stream.ReferencePipeline.forEach(ReferencePipeline.java:596)
	at java.base/java.util.ArrayList.forEach(ArrayList.java:1511)
	at java.base/java.util.ArrayList.forEach(ArrayList.java:1511)
	Suppressed: org.junit.platform.commons.PreconditionViolationException: Configuration error: You must configure at least one set of arguments for this @ParameterizedTest
		at java.base/java.util.stream.AbstractPipeline.close(AbstractPipeline.java:323)
		at java.base/java.util.stream.ReferencePipeline$7$1.accept(ReferencePipeline.java:273)
		... 9 more
Caused by: java.sql.SQLException: ORA-12263: Failed to access tnsnames.ora in the directory configured as TNS admin: /home/ubuntu/Wallet_YH5J45K2SD3FKWR9. The file does not exist, or is not accessible.
	at oracle.jdbc.driver.T4CConnection.handleLogonNetException(T4CConnection.java:1083)
	at oracle.jdbc.driver.T4CConnection.logon(T4CConnection.java:863)
	at oracle.jdbc.driver.PhysicalConnection.connect(PhysicalConnection.java:1101)
	at oracle.jdbc.driver.T4CDriverExtension.getConnection(T4CDriverExtension.java:104)
	at oracle.jdbc.driver.OracleDriver.connect(OracleDriver.java:837)
	at oracle.jdbc.driver.OracleDriver.connect(OracleDriver.java:664)
	at java.sql/java.sql.DriverManager.getConnection(DriverManager.java:681)
	at java.sql/java.sql.DriverManager.getConnection(DriverManager.java:190)
	at org.apache.ibatis.datasource.unpooled.UnpooledDataSource.doGetConnection(UnpooledDataSource.java:224)
	at org.apache.ibatis.datasource.unpooled.UnpooledDataSource.doGetConnection(UnpooledDataSource.java:219)
	at org.apache.ibatis.datasource.unpooled.UnpooledDataSource.getConnection(UnpooledDataSource.java:95)
	at org.apache.ibatis.datasource.pooled.PooledDataSource.popConnection(PooledDataSource.java:432)
	at org.apache.ibatis.datasource.pooled.PooledDataSource.getConnection(PooledDataSource.java:89)
	at org.apache.ibatis.transaction.jdbc.JdbcTransaction.openConnection(JdbcTransaction.java:139)
	at org.apache.ibatis.transaction.jdbc.JdbcTransaction.getConnection(JdbcTransaction.java:61)
	at org.apache.ibatis.executor.BaseExecutor.getConnection(BaseExecutor.java:337)
	at org.apache.ibatis.executor.SimpleExecutor.prepareStatement(SimpleExecutor.java:86)
	at org.apache.ibatis.executor.SimpleExecutor.doQuery(SimpleExecutor.java:62)
	at org.apache.ibatis.executor.BaseExecutor.queryFromDatabase(BaseExecutor.java:325)
	at org.apache.ibatis.executor.BaseExecutor.query(BaseExecutor.java:156)
	at org.apache.ibatis.executor.CachingExecutor.query(CachingExecutor.java:109)
	at org.apache.ibatis.executor.CachingExecutor.query(CachingExecutor.java:89)
	at org.apache.ibatis.session.defaults.DefaultSqlSession.selectList(DefaultSqlSession.java:147)
	... 36 more
Caused by: oracle.net.ns.NetException: ORA-12263: Failed to access tnsnames.ora in the directory configured as TNS admin: /home/ubuntu/Wallet_YH5J45K2SD3FKWR9. The file does not exist, or is not accessible.
	at oracle.net.resolver.TNSNamesNamingAdapter.resolve(TNSNamesNamingAdapter.java:142)
	at oracle.net.resolver.NameResolver.resolveName(NameResolver.java:177)
	at oracle.net.resolver.AddrResolution.resolveTNSAddress(AddrResolution.java:884)
	at oracle.net.resolver.AddrResolution.initConnStrategy(AddrResolution.java:613)
	at oracle.net.resolver.AddrResolution.<init>(AddrResolution.java:430)
	at oracle.net.ns.NSProtocol.<init>(NSProtocol.java:242)
	at oracle.net.ns.NSProtocolNIO.<init>(NSProtocolNIO.java:143)
	at oracle.jdbc.driver.T4CConnection.logon(T4CConnection.java:777)
	... 57 more
	Suppressed: oracle.net.ns.NetException: ORA-17866: 포트 번호에 부적합한 숫자 형식입니다.
		at oracle.net.resolver.HostnameNamingAdapter.resolve(HostnameNamingAdapter.java:183)
		... 64 more
]]></error>
  </testcase>
  <testcase name="test5(long)" classname="com.sh.mvc.board.model.dao.BoardDaoTest" time="0.034">
    <error message="&#10;### Error querying database.  Cause: java.sql.SQLException: ORA-12263: Failed to access tnsnames.ora in the directory configured as TNS admin: /home/ubuntu/Wallet_YH5J45K2SD3FKWR9. The file does not exist, or is not accessible.&#10;### The error may exist in mapper/board/board-mapper.xml&#10;### The error may involve board.findAll&#10;### The error occurred while executing a query&#10;### Cause: java.sql.SQLException: ORA-12263: Failed to access tnsnames.ora in the directory configured as TNS admin: /home/ubuntu/Wallet_YH5J45K2SD3FKWR9. The file does not exist, or is not accessible." type="org.apache.ibatis.exceptions.PersistenceException"><![CDATA[org.apache.ibatis.exceptions.PersistenceException: 

### Error querying database.  Cause: java.sql.SQLException: ORA-12263: Failed to access tnsnames.ora in the directory configured as TNS admin: /home/ubuntu/Wallet_YH5J45K2SD3FKWR9. The file does not exist, or is not accessible.
### The error may exist in mapper/board/board-mapper.xml
### The error may involve board.findAll
### The error occurred while executing a query
### Cause: java.sql.SQLException: ORA-12263: Failed to access tnsnames.ora in the directory configured as TNS admin: /home/ubuntu/Wallet_YH5J45K2SD3FKWR9. The file does not exist, or is not accessible.
	at org.apache.ibatis.exceptions.ExceptionFactory.wrapException(ExceptionFactory.java:30)
	at org.apache.ibatis.session.defaults.DefaultSqlSession.selectList(DefaultSqlSession.java:149)
	at org.apache.ibatis.session.defaults.DefaultSqlSession.selectList(DefaultSqlSession.java:140)
	at org.apache.ibatis.session.defaults.DefaultSqlSession.selectList(DefaultSqlSession.java:135)
	at com.sh.mvc.board.model.dao.BoardDao.findAll(BoardDao.java:15)
	at com.sh.mvc.board.model.dao.BoardDaoTest.boardIdProvider(BoardDaoTest.java:189)
	at java.base/java.lang.reflect.Method.invoke(Method.java:568)
	at java.base/java.util.stream.ReferencePipeline$3$1.accept(ReferencePipeline.java:197)
	at java.base/java.util.stream.ReferencePipeline$3$1.accept(ReferencePipeline.java:197)
	at java.base/java.util.stream.ReferencePipeline$3$1.accept(ReferencePipeline.java:197)
	at java.base/java.util.Spliterators$ArraySpliterator.forEachRemaining(Spliterators.java:992)
	at java.base/java.util.stream.AbstractPipeline.copyInto(AbstractPipeline.java:509)
	at java.base/java.util.stream.AbstractPipeline.wrapAndCopyInto(AbstractPipeline.java:499)
	at java.base/java.util.stream.ForEachOps$ForEachOp.evaluateSequential(ForEachOps.java:150)
	at java.base/java.util.stream.ForEachOps$ForEachOp$OfRef.evaluateSequential(ForEachOps.java:173)
	at java.base/java.util.stream.AbstractPipeline.evaluate(AbstractPipeline.java:234)
	at java.base/java.util.stream.ReferencePipeline.forEach(ReferencePipeline.java:596)
	at java.base/java.util.stream.ReferencePipeline$7$1.accept(ReferencePipeline.java:276)
	at java.base/java.util.stream.ReferencePipeline$3$1.accept(ReferencePipeline.java:197)
	at java.base/java.util.stream.ReferencePipeline$3$1.accept(ReferencePipeline.java:197)
	at java.base/java.util.stream.ReferencePipeline$3$1.accept(ReferencePipeline.java:197)
	at java.base/java.util.ArrayList$ArrayListSpliterator.forEachRemaining(ArrayList.java:1625)
	at java.base/java.util.stream.AbstractPipeline.copyInto(AbstractPipeline.java:509)
	at java.base/java.util.stream.AbstractPipeline.wrapAndCopyInto(AbstractPipeline.java:499)
	at java.base/java.util.stream.ForEachOps$ForEachOp.evaluateSequential(ForEachOps.java:150)
	at java.base/java.util.stream.ForEachOps$ForEachOp$OfRef.evaluateSequential(ForEachOps.java:173)
	at java.base/java.util.stream.AbstractPipeline.evaluate(AbstractPipeline.java:234)
	at java.base/java.util.stream.ReferencePipeline.forEach(ReferencePipeline.java:596)
	at java.base/java.util.stream.ReferencePipeline$7$1.accept(ReferencePipeline.java:276)
	at java.base/java.util.ArrayList$ArrayListSpliterator.forEachRemaining(ArrayList.java:1625)
	at java.base/java.util.stream.AbstractPipeline.copyInto(AbstractPipeline.java:509)
	at java.base/java.util.stream.AbstractPipeline.wrapAndCopyInto(AbstractPipeline.java:499)
	at java.base/java.util.stream.ForEachOps$ForEachOp.evaluateSequential(ForEachOps.java:150)
	at java.base/java.util.stream.ForEachOps$ForEachOp$OfRef.evaluateSequential(ForEachOps.java:173)
	at java.base/java.util.stream.AbstractPipeline.evaluate(AbstractPipeline.java:234)
	at java.base/java.util.stream.ReferencePipeline.forEach(ReferencePipeline.java:596)
	at java.base/java.util.ArrayList.forEach(ArrayList.java:1511)
	at java.base/java.util.ArrayList.forEach(ArrayList.java:1511)
	Suppressed: org.junit.platform.commons.PreconditionViolationException: Configuration error: You must configure at least one set of arguments for this @ParameterizedTest
		at java.base/java.util.stream.AbstractPipeline.close(AbstractPipeline.java:323)
		at java.base/java.util.stream.ReferencePipeline$7$1.accept(ReferencePipeline.java:273)
		... 9 more
Caused by: java.sql.SQLException: ORA-12263: Failed to access tnsnames.ora in the directory configured as TNS admin: /home/ubuntu/Wallet_YH5J45K2SD3FKWR9. The file does not exist, or is not accessible.
	at oracle.jdbc.driver.T4CConnection.handleLogonNetException(T4CConnection.java:1083)
	at oracle.jdbc.driver.T4CConnection.logon(T4CConnection.java:863)
	at oracle.jdbc.driver.PhysicalConnection.connect(PhysicalConnection.java:1101)
	at oracle.jdbc.driver.T4CDriverExtension.getConnection(T4CDriverExtension.java:104)
	at oracle.jdbc.driver.OracleDriver.connect(OracleDriver.java:837)
	at oracle.jdbc.driver.OracleDriver.connect(OracleDriver.java:664)
	at java.sql/java.sql.DriverManager.getConnection(DriverManager.java:681)
	at java.sql/java.sql.DriverManager.getConnection(DriverManager.java:190)
	at org.apache.ibatis.datasource.unpooled.UnpooledDataSource.doGetConnection(UnpooledDataSource.java:224)
	at org.apache.ibatis.datasource.unpooled.UnpooledDataSource.doGetConnection(UnpooledDataSource.java:219)
	at org.apache.ibatis.datasource.unpooled.UnpooledDataSource.getConnection(UnpooledDataSource.java:95)
	at org.apache.ibatis.datasource.pooled.PooledDataSource.popConnection(PooledDataSource.java:432)
	at org.apache.ibatis.datasource.pooled.PooledDataSource.getConnection(PooledDataSource.java:89)
	at org.apache.ibatis.transaction.jdbc.JdbcTransaction.openConnection(JdbcTransaction.java:139)
	at org.apache.ibatis.transaction.jdbc.JdbcTransaction.getConnection(JdbcTransaction.java:61)
	at org.apache.ibatis.executor.BaseExecutor.getConnection(BaseExecutor.java:337)
	at org.apache.ibatis.executor.SimpleExecutor.prepareStatement(SimpleExecutor.java:86)
	at org.apache.ibatis.executor.SimpleExecutor.doQuery(SimpleExecutor.java:62)
	at org.apache.ibatis.executor.BaseExecutor.queryFromDatabase(BaseExecutor.java:325)
	at org.apache.ibatis.executor.BaseExecutor.query(BaseExecutor.java:156)
	at org.apache.ibatis.executor.CachingExecutor.query(CachingExecutor.java:109)
	at org.apache.ibatis.executor.CachingExecutor.query(CachingExecutor.java:89)
	at org.apache.ibatis.session.defaults.DefaultSqlSession.selectList(DefaultSqlSession.java:147)
	... 36 more
Caused by: oracle.net.ns.NetException: ORA-12263: Failed to access tnsnames.ora in the directory configured as TNS admin: /home/ubuntu/Wallet_YH5J45K2SD3FKWR9. The file does not exist, or is not accessible.
	at oracle.net.resolver.TNSNamesNamingAdapter.resolve(TNSNamesNamingAdapter.java:142)
	at oracle.net.resolver.NameResolver.resolveName(NameResolver.java:177)
	at oracle.net.resolver.AddrResolution.resolveTNSAddress(AddrResolution.java:884)
	at oracle.net.resolver.AddrResolution.initConnStrategy(AddrResolution.java:613)
	at oracle.net.resolver.AddrResolution.<init>(AddrResolution.java:430)
	at oracle.net.ns.NSProtocol.<init>(NSProtocol.java:242)
	at oracle.net.ns.NSProtocolNIO.<init>(NSProtocolNIO.java:143)
	at oracle.jdbc.driver.T4CConnection.logon(T4CConnection.java:777)
	... 57 more
	Suppressed: oracle.net.ns.NetException: ORA-17866: 포트 번호에 부적합한 숫자 형식입니다.
		at oracle.net.resolver.HostnameNamingAdapter.resolve(HostnameNamingAdapter.java:183)
		... 64 more
]]></error>
  </testcase>
  <testcase name="test6" classname="com.sh.mvc.board.model.dao.BoardDaoTest" time="0.009">
    <error message="&#10;### Error querying database.  Cause: java.sql.SQLException: ORA-12263: Failed to access tnsnames.ora in the directory configured as TNS admin: /home/ubuntu/Wallet_YH5J45K2SD3FKWR9. The file does not exist, or is not accessible.&#10;### The error may exist in mapper/board/board-mapper.xml&#10;### The error may involve board.getTotalCount&#10;### The error occurred while executing a query&#10;### Cause: java.sql.SQLException: ORA-12263: Failed to access tnsnames.ora in the directory configured as TNS admin: /home/ubuntu/Wallet_YH5J45K2SD3FKWR9. The file does not exist, or is not accessible." type="org.apache.ibatis.exceptions.PersistenceException"><![CDATA[org.apache.ibatis.exceptions.PersistenceException: 

### Error querying database.  Cause: java.sql.SQLException: ORA-12263: Failed to access tnsnames.ora in the directory configured as TNS admin: /home/ubuntu/Wallet_YH5J45K2SD3FKWR9. The file does not exist, or is not accessible.
### The error may exist in mapper/board/board-mapper.xml
### The error may involve board.getTotalCount
### The error occurred while executing a query
### Cause: java.sql.SQLException: ORA-12263: Failed to access tnsnames.ora in the directory configured as TNS admin: /home/ubuntu/Wallet_YH5J45K2SD3FKWR9. The file does not exist, or is not accessible.
	at org.apache.ibatis.exceptions.ExceptionFactory.wrapException(ExceptionFactory.java:30)
	at org.apache.ibatis.session.defaults.DefaultSqlSession.selectList(DefaultSqlSession.java:149)
	at org.apache.ibatis.session.defaults.DefaultSqlSession.selectList(DefaultSqlSession.java:140)
	at org.apache.ibatis.session.defaults.DefaultSqlSession.selectOne(DefaultSqlSession.java:76)
	at org.apache.ibatis.session.defaults.DefaultSqlSession.selectOne(DefaultSqlSession.java:70)
	at com.sh.mvc.board.model.dao.BoardDao.getTotalCount(BoardDao.java:35)
	at com.sh.mvc.board.model.dao.BoardDaoTest.test6(BoardDaoTest.java:154)
	at java.base/java.lang.reflect.Method.invoke(Method.java:568)
	at java.base/java.util.ArrayList.forEach(ArrayList.java:1511)
	at java.base/java.util.ArrayList.forEach(ArrayList.java:1511)
Caused by: java.sql.SQLException: ORA-12263: Failed to access tnsnames.ora in the directory configured as TNS admin: /home/ubuntu/Wallet_YH5J45K2SD3FKWR9. The file does not exist, or is not accessible.
	at oracle.jdbc.driver.T4CConnection.handleLogonNetException(T4CConnection.java:1083)
	at oracle.jdbc.driver.T4CConnection.logon(T4CConnection.java:863)
	at oracle.jdbc.driver.PhysicalConnection.connect(PhysicalConnection.java:1101)
	at oracle.jdbc.driver.T4CDriverExtension.getConnection(T4CDriverExtension.java:104)
	at oracle.jdbc.driver.OracleDriver.connect(OracleDriver.java:837)
	at oracle.jdbc.driver.OracleDriver.connect(OracleDriver.java:664)
	at java.sql/java.sql.DriverManager.getConnection(DriverManager.java:681)
	at java.sql/java.sql.DriverManager.getConnection(DriverManager.java:190)
	at org.apache.ibatis.datasource.unpooled.UnpooledDataSource.doGetConnection(UnpooledDataSource.java:224)
	at org.apache.ibatis.datasource.unpooled.UnpooledDataSource.doGetConnection(UnpooledDataSource.java:219)
	at org.apache.ibatis.datasource.unpooled.UnpooledDataSource.getConnection(UnpooledDataSource.java:95)
	at org.apache.ibatis.datasource.pooled.PooledDataSource.popConnection(PooledDataSource.java:432)
	at org.apache.ibatis.datasource.pooled.PooledDataSource.getConnection(PooledDataSource.java:89)
	at org.apache.ibatis.transaction.jdbc.JdbcTransaction.openConnection(JdbcTransaction.java:139)
	at org.apache.ibatis.transaction.jdbc.JdbcTransaction.getConnection(JdbcTransaction.java:61)
	at org.apache.ibatis.executor.BaseExecutor.getConnection(BaseExecutor.java:337)
	at org.apache.ibatis.executor.SimpleExecutor.prepareStatement(SimpleExecutor.java:86)
	at org.apache.ibatis.executor.SimpleExecutor.doQuery(SimpleExecutor.java:62)
	at org.apache.ibatis.executor.BaseExecutor.queryFromDatabase(BaseExecutor.java:325)
	at org.apache.ibatis.executor.BaseExecutor.query(BaseExecutor.java:156)
	at org.apache.ibatis.executor.CachingExecutor.query(CachingExecutor.java:109)
	at org.apache.ibatis.executor.CachingExecutor.query(CachingExecutor.java:89)
	at org.apache.ibatis.session.defaults.DefaultSqlSession.selectList(DefaultSqlSession.java:147)
	... 8 more
Caused by: oracle.net.ns.NetException: ORA-12263: Failed to access tnsnames.ora in the directory configured as TNS admin: /home/ubuntu/Wallet_YH5J45K2SD3FKWR9. The file does not exist, or is not accessible.
	at oracle.net.resolver.TNSNamesNamingAdapter.resolve(TNSNamesNamingAdapter.java:142)
	at oracle.net.resolver.NameResolver.resolveName(NameResolver.java:177)
	at oracle.net.resolver.AddrResolution.resolveTNSAddress(AddrResolution.java:884)
	at oracle.net.resolver.AddrResolution.initConnStrategy(AddrResolution.java:613)
	at oracle.net.resolver.AddrResolution.<init>(AddrResolution.java:430)
	at oracle.net.ns.NSProtocol.<init>(NSProtocol.java:242)
	at oracle.net.ns.NSProtocolNIO.<init>(NSProtocolNIO.java:143)
	at oracle.jdbc.driver.T4CConnection.logon(T4CConnection.java:777)
	... 29 more
	Suppressed: oracle.net.ns.NetException: ORA-17866: 포트 번호에 부적합한 숫자 형식입니다.
		at oracle.net.resolver.HostnameNamingAdapter.resolve(HostnameNamingAdapter.java:183)
		... 36 more
]]></error>
  </testcase>
  <testcase name="test7(int)" classname="com.sh.mvc.board.model.dao.BoardDaoTest" time="0.019">
    <error message="&#10;### Error querying database.  Cause: java.sql.SQLException: ORA-12263: Failed to access tnsnames.ora in the directory configured as TNS admin: /home/ubuntu/Wallet_YH5J45K2SD3FKWR9. The file does not exist, or is not accessible.&#10;### The error may exist in mapper/board/board-mapper.xml&#10;### The error may involve board.getTotalCount&#10;### The error occurred while executing a query&#10;### Cause: java.sql.SQLException: ORA-12263: Failed to access tnsnames.ora in the directory configured as TNS admin: /home/ubuntu/Wallet_YH5J45K2SD3FKWR9. The file does not exist, or is not accessible." type="org.apache.ibatis.exceptions.PersistenceException"><![CDATA[org.apache.ibatis.exceptions.PersistenceException: 

### Error querying database.  Cause: java.sql.SQLException: ORA-12263: Failed to access tnsnames.ora in the directory configured as TNS admin: /home/ubuntu/Wallet_YH5J45K2SD3FKWR9. The file does not exist, or is not accessible.
### The error may exist in mapper/board/board-mapper.xml
### The error may involve board.getTotalCount
### The error occurred while executing a query
### Cause: java.sql.SQLException: ORA-12263: Failed to access tnsnames.ora in the directory configured as TNS admin: /home/ubuntu/Wallet_YH5J45K2SD3FKWR9. The file does not exist, or is not accessible.
	at org.apache.ibatis.exceptions.ExceptionFactory.wrapException(ExceptionFactory.java:30)
	at org.apache.ibatis.session.defaults.DefaultSqlSession.selectList(DefaultSqlSession.java:149)
	at org.apache.ibatis.session.defaults.DefaultSqlSession.selectList(DefaultSqlSession.java:140)
	at org.apache.ibatis.session.defaults.DefaultSqlSession.selectOne(DefaultSqlSession.java:76)
	at org.apache.ibatis.session.defaults.DefaultSqlSession.selectOne(DefaultSqlSession.java:70)
	at com.sh.mvc.board.model.dao.BoardDao.getTotalCount(BoardDao.java:35)
	at com.sh.mvc.board.model.dao.BoardDaoTest.pageNoProvider(BoardDaoTest.java:173)
	at java.base/java.lang.reflect.Method.invoke(Method.java:568)
	at java.base/java.util.stream.ReferencePipeline$3$1.accept(ReferencePipeline.java:197)
	at java.base/java.util.stream.ReferencePipeline$3$1.accept(ReferencePipeline.java:197)
	at java.base/java.util.stream.ReferencePipeline$3$1.accept(ReferencePipeline.java:197)
	at java.base/java.util.Spliterators$ArraySpliterator.forEachRemaining(Spliterators.java:992)
	at java.base/java.util.stream.AbstractPipeline.copyInto(AbstractPipeline.java:509)
	at java.base/java.util.stream.AbstractPipeline.wrapAndCopyInto(AbstractPipeline.java:499)
	at java.base/java.util.stream.ForEachOps$ForEachOp.evaluateSequential(ForEachOps.java:150)
	at java.base/java.util.stream.ForEachOps$ForEachOp$OfRef.evaluateSequential(ForEachOps.java:173)
	at java.base/java.util.stream.AbstractPipeline.evaluate(AbstractPipeline.java:234)
	at java.base/java.util.stream.ReferencePipeline.forEach(ReferencePipeline.java:596)
	at java.base/java.util.stream.ReferencePipeline$7$1.accept(ReferencePipeline.java:276)
	at java.base/java.util.stream.ReferencePipeline$3$1.accept(ReferencePipeline.java:197)
	at java.base/java.util.stream.ReferencePipeline$3$1.accept(ReferencePipeline.java:197)
	at java.base/java.util.stream.ReferencePipeline$3$1.accept(ReferencePipeline.java:197)
	at java.base/java.util.ArrayList$ArrayListSpliterator.forEachRemaining(ArrayList.java:1625)
	at java.base/java.util.stream.AbstractPipeline.copyInto(AbstractPipeline.java:509)
	at java.base/java.util.stream.AbstractPipeline.wrapAndCopyInto(AbstractPipeline.java:499)
	at java.base/java.util.stream.ForEachOps$ForEachOp.evaluateSequential(ForEachOps.java:150)
	at java.base/java.util.stream.ForEachOps$ForEachOp$OfRef.evaluateSequential(ForEachOps.java:173)
	at java.base/java.util.stream.AbstractPipeline.evaluate(AbstractPipeline.java:234)
	at java.base/java.util.stream.ReferencePipeline.forEach(ReferencePipeline.java:596)
	at java.base/java.util.stream.ReferencePipeline$7$1.accept(ReferencePipeline.java:276)
	at java.base/java.util.ArrayList$ArrayListSpliterator.forEachRemaining(ArrayList.java:1625)
	at java.base/java.util.stream.AbstractPipeline.copyInto(AbstractPipeline.java:509)
	at java.base/java.util.stream.AbstractPipeline.wrapAndCopyInto(AbstractPipeline.java:499)
	at java.base/java.util.stream.ForEachOps$ForEachOp.evaluateSequential(ForEachOps.java:150)
	at java.base/java.util.stream.ForEachOps$ForEachOp$OfRef.evaluateSequential(ForEachOps.java:173)
	at java.base/java.util.stream.AbstractPipeline.evaluate(AbstractPipeline.java:234)
	at java.base/java.util.stream.ReferencePipeline.forEach(ReferencePipeline.java:596)
	at java.base/java.util.ArrayList.forEach(ArrayList.java:1511)
	at java.base/java.util.ArrayList.forEach(ArrayList.java:1511)
	Suppressed: org.junit.platform.commons.PreconditionViolationException: Configuration error: You must configure at least one set of arguments for this @ParameterizedTest
		at java.base/java.util.stream.AbstractPipeline.close(AbstractPipeline.java:323)
		at java.base/java.util.stream.ReferencePipeline$7$1.accept(ReferencePipeline.java:273)
		... 9 more
Caused by: java.sql.SQLException: ORA-12263: Failed to access tnsnames.ora in the directory configured as TNS admin: /home/ubuntu/Wallet_YH5J45K2SD3FKWR9. The file does not exist, or is not accessible.
	at oracle.jdbc.driver.T4CConnection.handleLogonNetException(T4CConnection.java:1083)
	at oracle.jdbc.driver.T4CConnection.logon(T4CConnection.java:863)
	at oracle.jdbc.driver.PhysicalConnection.connect(PhysicalConnection.java:1101)
	at oracle.jdbc.driver.T4CDriverExtension.getConnection(T4CDriverExtension.java:104)
	at oracle.jdbc.driver.OracleDriver.connect(OracleDriver.java:837)
	at oracle.jdbc.driver.OracleDriver.connect(OracleDriver.java:664)
	at java.sql/java.sql.DriverManager.getConnection(DriverManager.java:681)
	at java.sql/java.sql.DriverManager.getConnection(DriverManager.java:190)
	at org.apache.ibatis.datasource.unpooled.UnpooledDataSource.doGetConnection(UnpooledDataSource.java:224)
	at org.apache.ibatis.datasource.unpooled.UnpooledDataSource.doGetConnection(UnpooledDataSource.java:219)
	at org.apache.ibatis.datasource.unpooled.UnpooledDataSource.getConnection(UnpooledDataSource.java:95)
	at org.apache.ibatis.datasource.pooled.PooledDataSource.popConnection(PooledDataSource.java:432)
	at org.apache.ibatis.datasource.pooled.PooledDataSource.getConnection(PooledDataSource.java:89)
	at org.apache.ibatis.transaction.jdbc.JdbcTransaction.openConnection(JdbcTransaction.java:139)
	at org.apache.ibatis.transaction.jdbc.JdbcTransaction.getConnection(JdbcTransaction.java:61)
	at org.apache.ibatis.executor.BaseExecutor.getConnection(BaseExecutor.java:337)
	at org.apache.ibatis.executor.SimpleExecutor.prepareStatement(SimpleExecutor.java:86)
	at org.apache.ibatis.executor.SimpleExecutor.doQuery(SimpleExecutor.java:62)
	at org.apache.ibatis.executor.BaseExecutor.queryFromDatabase(BaseExecutor.java:325)
	at org.apache.ibatis.executor.BaseExecutor.query(BaseExecutor.java:156)
	at org.apache.ibatis.executor.CachingExecutor.query(CachingExecutor.java:109)
	at org.apache.ibatis.executor.CachingExecutor.query(CachingExecutor.java:89)
	at org.apache.ibatis.session.defaults.DefaultSqlSession.selectList(DefaultSqlSession.java:147)
	... 37 more
Caused by: oracle.net.ns.NetException: ORA-12263: Failed to access tnsnames.ora in the directory configured as TNS admin: /home/ubuntu/Wallet_YH5J45K2SD3FKWR9. The file does not exist, or is not accessible.
	at oracle.net.resolver.TNSNamesNamingAdapter.resolve(TNSNamesNamingAdapter.java:142)
	at oracle.net.resolver.NameResolver.resolveName(NameResolver.java:177)
	at oracle.net.resolver.AddrResolution.resolveTNSAddress(AddrResolution.java:884)
	at oracle.net.resolver.AddrResolution.initConnStrategy(AddrResolution.java:613)
	at oracle.net.resolver.AddrResolution.<init>(AddrResolution.java:430)
	at oracle.net.ns.NSProtocol.<init>(NSProtocol.java:242)
	at oracle.net.ns.NSProtocolNIO.<init>(NSProtocolNIO.java:143)
	at oracle.jdbc.driver.T4CConnection.logon(T4CConnection.java:777)
	... 58 more
	Suppressed: oracle.net.ns.NetException: ORA-17866: 포트 번호에 부적합한 숫자 형식입니다.
		at oracle.net.resolver.HostnameNamingAdapter.resolve(HostnameNamingAdapter.java:183)
		... 65 more
]]></error>
  </testcase>
</testsuite>